[22:41:31.431] Global cache location '/home/stivarch/.cache/typescript/4.4', safe file path '/home/stivarch/.nvm/versions/node/v16.3.0/lib/node_modules/typescript/lib/typingSafeList.json', types map path /home/stivarch/.nvm/versions/node/v16.3.0/lib/node_modules/typescript/lib/typesMap.json
[22:41:31.432] Processing cache location '/home/stivarch/.cache/typescript/4.4'
[22:41:31.432] Trying to find '/home/stivarch/.cache/typescript/4.4/package.json'...
[22:41:31.442] Loaded content of '/home/stivarch/.cache/typescript/4.4/package.json': {"private":true,"dependencies":{"types-registry":"^0.1.595"},"devDependencies":{"@types/abbrev":"^1.1.2","@types/accepts":"^1.3.5","@types/accounting":"^0.4.2","@types/are-we-there-yet":"^1.1.0","@types/argparse":"^2.0.10","@types/aria-query":"^5.0.0","@types/arr-diff":"^4.0.0","@types/arr-union":"^3.1.0","@types/array-find-index":"^1.0.0","@types/array-unique":"^0.3.0","@types/array.prototype.flat":"^1.2.1","@types/array.prototype.flatmap":"^1.2.2","@types/asap":"^2.0.0","@types/assert":"^1.5.6","@types/async":"^3.2.9","@types/atob":"^2.1.2","@types/av":"^0.4.1","@types/babel__core":"^7.1.18","@types/babel__preset-env":"^7.9.2","@types/babel-code-frame":"^6.20.5","@types/babel-core":"^6.25.7","@types/babel-generator":"^6.25.5","@types/babel-plugin-macros":"^2.8.5","@types/babel-template":"^6.25.2","@types/babel-traverse":"^6.25.7","@types/babel-types":"^7.0.11","@types/babylon":"^6.16.6","@types/balanced-match":"^1.0.2","@types/basic-auth":"^1.1.3","@types/bcrypt":"^5.0.0","@types/bcryptjs":"^2.4.2","@types/big.js":"^6.1.2","@types/bindings":"^1.5.1","@types/bluebird":"^3.5.36","@types/blueimp-md5":"^2.18.0","@types/bn.js":"^5.1.0","@types/body-parser":"^1.19.2","@types/bonjour":"^3.5.9","@types/boolbase":"^1.0.0","@types/bootstrap":"^5.1.9","@types/brace-expansion":"^1.1.0","@types/braces":"^3.0.1","@types/brorand":"^1.0.30","@types/bser":"^2.0.1","@types/buffer-from":"^1.1.0","@types/buffer-xor":"^2.0.0","@types/busboy":"^1.3.0","@types/bytes":"^3.1.1","@types/cacache":"^15.0.1","@types/cacheable-request":"^6.0.2","@types/call-bind":"^1.0.0","@types/camelcase-css":"^2.0.0","@types/caniuse-api":"^3.0.2","@types/caniuse-lite":"^1.0.1","@types/case-sensitive-paths-webpack-plugin":"^2.1.6","@types/charm":"^1.0.3","@types/check-types":"^7.3.3","@types/chownr":"^1.0.0","@types/cipher-base":"^1.0.0","@types/clean-css":"^4.2.5","@types/co":"^4.6.3","@types/color":"^3.0.2","@types/color-convert":"^2.0.0","@types/color-name":"^1.1.1","@types/color-string":"^1.5.0","@types/color-support":"^1.1.1","@types/combined-stream":"^1.0.3","@types/common-tags":"^1.8.1","@types/commondir":"^1.0.0","@types/component-emitter":"^1.2.11","@types/compose-function":"^0.0.30","@types/compressible":"^2.0.0","@types/compression":"^1.7.2","@types/concat-map":"^0.0.1","@types/concat-stream":"^1.6.1","@types/configstore":"^5.0.1","@types/confusing-browser-globals":"^1.0.0","@types/connect-history-api-fallback":"^1.3.5","@types/content-disposition":"^0.5.4","@types/content-type":"^1.1.5","@types/convert-source-map":"^1.5.2","@types/cookie":"^0.4.1","@types/cookie-signature":"^1.0.4","@types/cookiejar":"^2.1.2","@types/core-js":"^2.5.5","@types/cors":"^2.8.12","@types/cote":"^0.19.2","@types/create-hash":"^1.2.2","@types/create-hmac":"^1.1.0","@types/cross-spawn":"^6.0.2","@types/css":"^0.0.33","@types/css-declaration-sorter":"^6.0.1","@types/css-tree":"^1.0.7","@types/cssesc":"^3.0.0","@types/cssnano":"^4.0.1","@types/csso":"^4.2.0","@types/cssom":"^0.4.1","@types/cssstyle":"^2.2.1","@types/d":"^1.0.1","@types/damerau-levenshtein":"^1.0.0","@types/data-urls":"^2.0.1","@types/debug":"^4.1.7","@types/decode-uri-component":"^0.2.0","@types/dedent":"^0.7.0","@types/deep-equal":"^1.0.1","@types/deep-extend":"^0.4.32","@types/default-gateway":"^3.0.1","@types/define-properties":"^1.1.3","@types/defined":"^1.0.0","@types/delegates":"^1.0.0","@types/depd":"^1.1.32","@types/destroy":"^1.0.0","@types/detect-libc":"^1.0.0","@types/detect-node":"^2.0.0","@types/detective":"^5.1.2","@types/didyoumean":"^1.2.0","@types/diff":"^5.0.1","@types/diffie-hellman":"^5.0.0","@types/dir-glob":"^2.0.1","@types/dlv":"^1.1.2","@types/dns-packet":"^5.2.2","@types/doctrine":"^0.0.5","@types/domexception":"^2.0.1","@types/duplexer3":"^0.1.1","@types/duplexify":"^3.6.0","@types/ee-first":"^1.1.0","@types/ejs":"^3.1.0","@types/elliptic":"^6.4.14","@types/encodeurl":"^1.0.0","@types/end-of-stream":"^1.4.1","@types/enhanced-resolve":"^3.0.7","@types/es-abstract":"^1.17.3","@types/es-to-primitive":"^1.2.4","@types/escape-html":"^1.0.1","@types/escodegen":"^0.0.7","@types/eslint":"^8.4.1","@types/eslint-scope":"^3.7.3","@types/eslint-utils":"^3.0.1","@types/eslint-visitor-keys":"^1.0.0","@types/esprima":"^4.0.3","@types/esquery":"^1.0.2","@types/estraverse":"^5.1.1","@types/esutils":"^2.0.0","@types/etag":"^1.8.1","@types/events":"^3.0.0","@types/eventsource":"^1.1.7","@types/exit":"^0.1.31","@types/express":"^4.17.13","@types/express-fileupload":"^1.2.2","@types/fast-levenshtein":"^0.0.2","@types/fb-watchman":"^2.0.1","@types/file-entry-cache":"^5.0.2","@types/file-loader":"^5.0.1","@types/fill-range":"^7.0.0","@types/finalhandler":"^1.1.1","@types/find-cache-dir":"^3.2.1","@types/flat-cache":"^2.0.0","@types/flush-write-stream":"^1.0.0","@types/follow-redirects":"^1.13.1","@types/formidable":"^2.0.4","@types/forwarded":"^0.1.0","@types/fresh":"^0.5.0","@types/from2":"^2.3.1","@types/fs-extra":"^9.0.13","@types/fs-readdir-recursive":"^1.0.0","@types/function-bind":"^1.1.6","@types/functional-red-black-tree":"^1.0.1","@types/get-intrinsic":"^1.0.0","@types/get-value":"^3.0.2","@types/glob":"^7.2.0","@types/glob-parent":"^5.1.1","@types/glob-to-regexp":"^0.4.1","@types/global-modules":"^2.0.0","@types/global-prefix":"^3.0.0","@types/got":"^9.6.12","@types/graceful-fs":"^4.1.5","@types/has":"^1.0.0","@types/has-ansi":"^5.0.0","@types/has-symbols":"^1.0.0","@types/he":"^1.1.2","@types/hex-color-regex":"^1.1.1","@types/hoist-non-react-statics":"^3.3.1","@types/hosted-git-info":"^3.0.2","@types/html-encoding-sniffer":"^2.0.2","@types/html-escaper":"^3.0.0","@types/html-minifier-terser":"^6.0.0","@types/html-pdf":"^3.0.0","@types/http-cache-semantics":"^4.0.1","@types/http-errors":"^1.8.2","@types/http-proxy":"^1.17.7","@types/icss-utils":"^4.1.0","@types/iferr":"^1.0.2","@types/imurmurhash":"^0.1.1","@types/inherits":"^0.0.30","@types/ini":"^1.3.31","@types/internal-slot":"^1.0.1","@types/invariant":"^2.2.35","@types/ip":"^1.1.0","@types/is-arguments":"^1.0.0","@types/is-bigint":"^1.0.0","@types/is-boolean-object":"^1.1.0","@types/is-buffer":"^2.0.0","@types/is-callable":"^1.1.0","@types/is-ci":"^3.0.0","@types/is-core-module":"^2.2.0","@types/is-data-descriptor":"^1.0.0","@types/is-date-object":"^1.0.2","@types/is-finite":"^1.0.0","@types/is-glob":"^4.0.2","@types/is-number":"^7.0.2","@types/is-regex":"^1.0.0","@types/is-string":"^1.0.0","@types/is-typedarray":"^1.0.0","@types/is-windows":"^1.0.0","@types/isarray":"^2.0.0","@types/isexe":"^2.0.1","@types/istanbul-lib-coverage":"^2.0.4","@types/istanbul-lib-instrument":"^1.7.4","@types/istanbul-lib-report":"^3.0.0","@types/istanbul-lib-source-maps":"^4.0.1","@types/istanbul-reports":"^3.0.1","@types/js-string-escape":"^1.0.1","@types/js-yaml":"^4.0.5","@types/jsdom":"^16.2.14","@types/jsesc":"^3.0.1","@types/json-buffer":"^3.0.0","@types/json-parse-better-errors":"^1.0.0","@types/json3":"^3.3.2","@types/jsonfile":"^6.0.1","@types/jsonwebtoken":"^8.5.8","@types/jwa":"^2.0.0","@types/jws":"^3.2.4","@types/keyv":"^3.1.4","@types/kind-of":"^6.0.0","@types/language-tags":"^1.0.0","@types/loader-runner":"^2.2.4","@types/loader-utils":"^2.0.3","@types/lodash":"^4.14.180","@types/lodash.debounce":"^4.0.6","@types/lodash.get":"^4.4.6","@types/lodash.includes":"^4.3.6","@types/lodash.isboolean":"^3.0.6","@types/lodash.isinteger":"^4.0.6","@types/lodash.isnumber":"^3.0.6","@types/lodash.isplainobject":"^4.0.6","@types/lodash.isstring":"^4.0.6","@types/lodash.memoize":"^4.1.6","@types/lodash.merge":"^4.6.6","@types/lodash.once":"^4.1.6","@types/lodash.template":"^4.5.0","@types/lodash.topath":"^4.5.6","@types/lodash.truncate":"^4.4.6","@types/lodash.uniq":"^4.5.6","@types/logger":"^0.0.1","@types/lru-cache":"^7.5.0","@types/lz-string":"^1.3.34","@types/media-typer":"^1.1.1","@types/memory-fs":"^0.3.3","@types/memory-pager":"^1.4.0","@types/merge-descriptors":"^1.0.1","@types/merge-stream":"^1.1.2","@types/merge2":"^1.3.1","@types/methods":"^1.1.1","@types/micromatch":"^4.0.2","@types/mime":"^2.0.3","@types/mime-db":"^1.43.1","@types/mime-types":"^2.1.1","@types/min-indent":"^1.0.0","@types/mini-css-extract-plugin":"^2.4.0","@types/minimalistic-assert":"^1.0.1","@types/minimatch":"^3.0.5","@types/minimist":"^1.2.2","@types/minipass":"^3.1.2","@types/minizlib":"^2.1.3","@types/mkdirp":"^1.0.2","@types/mock-req-res":"^1.1.3","@types/morgan":"^1.9.3","@types/move-concurrently":"^1.0.4","@types/ms":"^0.7.31","@types/multicast-dns":"^7.2.1","@types/natural-compare":"^1.4.1","@types/negotiator":"^0.6.1","@types/next-tick":"^1.0.0","@types/nice-try":"^2.1.0","@types/node-cron":"^3.0.1","@types/node-emoji":"^1.8.1","@types/node-fetch":"^2.6.1","@types/node-forge":"^0.10.9","@types/node-int64":"^0.4.29","@types/node-notifier":"^8.0.1","@types/nodemailer":"^6.4.4","@types/nodemon":"^1.19.1","@types/nopt":"^3.0.29","@types/normalize-package-data":"^2.4.1","@types/normalize-path":"^3.0.0","@types/npmlog":"^4.1.4","@types/num2fraction":"^1.2.0","@types/nwsapi":"^2.2.2","@types/object-assign":"^4.0.30","@types/object-hash":"^2.2.1","@types/object-inspect":"^1.8.1","@types/object-keys":"^1.0.1","@types/object.fromentries":"^2.0.1","@types/object.getownpropertydescriptors":"^2.1.1","@types/object.pick":"^1.3.1","@types/on-finished":"^2.3.1","@types/on-headers":"^1.0.0","@types/once":"^1.4.0","@types/optimize-css-assets-webpack-plugin":"^5.0.4","@types/original":"^1.0.0","@types/os-homedir":"^1.0.0","@types/os-tmpdir":"^1.0.0","@types/pako":"^1.0.2","@types/parallel-transform":"^1.1.1","@types/parse-json":"^4.0.0","@types/parse5":"^6.0.3","@types/parseurl":"^1.3.1","@types/pascalcase":"^1.0.1","@types/path-browserify":"^1.0.0","@types/path-is-absolute":"^1.0.0","@types/path-is-inside":"^1.0.0","@types/path-parse":"^1.0.19","@types/pbkdf2":"^3.1.0","@types/picomatch":"^2.3.0","@types/pify":"^5.0.1","@types/postcss-calc":"^7.0.2","@types/postcss-flexbugs-fixes":"^4.2.1","@types/postcss-gap-properties":"^2.0.1","@types/postcss-modules-extract-imports":"^3.0.2","@types/postcss-modules-local-by-default":"^1.2.2","@types/postcss-modules-scope":"^1.1.2","@types/postcss-modules-values":"^3.0.0","@types/postcss-normalize":"^9.0.1","@types/postcss-preset-env":"^6.7.3","@types/postcss-safe-parser":"^5.0.0","@types/prelude-ls":"^1.1.29","@types/prettier":"^2.4.4","@types/pretty-hrtime":"^1.0.1","@types/progress":"^2.0.5","@types/promise-inflight":"^1.0.0","@types/prompts":"^2.0.14","@types/prop-types":"^15.7.4","@types/proxy-addr":"^2.0.0","@types/psl":"^1.1.0","@types/pump":"^1.1.1","@types/pumpify":"^1.4.1","@types/punycode":"^2.1.0","@types/q":"^1.5.5","@types/qs":"^6.9.7","@types/querystringify":"^2.0.0","@types/raf":"^3.4.0","@types/randombytes":"^2.0.0","@types/range-parser":"^1.2.4","@types/rc":"^1.2.1","@types/react":"^17.0.34","@types/react-dev-utils":"^9.0.8","@types/react-dom":"^17.0.11","@types/react-is":"^17.0.3","@types/react-router-dom":"^5.3.2","@types/readable-stream":"^2.3.13","@types/recursive-readdir":"^2.2.0","@types/regenerate":"^1.4.1","@types/regenerator-runtime":"^0.13.1","@types/regex-not":"^1.0.0","@types/registry-auth-token":"^4.2.1","@types/relateurl":"^0.2.29","@types/repeat-element":"^1.1.0","@types/repeat-string":"^1.6.2","@types/repeating":"^3.0.0","@types/require-directory":"^2.1.2","@types/require-from-string":"^1.2.1","@types/requires-port":"^1.0.0","@types/resolve":"^1.20.1","@types/responselike":"^1.0.0","@types/rethinkdb":"^2.3.17","@types/retry":"^0.12.1","@types/rimraf":"^3.0.2","@types/ripemd160":"^2.0.0","@types/rsvp":"^4.0.4","@types/run-parallel":"^1.1.0","@types/safe-regex":"^1.1.3","@types/safer-buffer":"^2.1.0","@types/sane":"^2.0.1","@types/saslprep":"^1.0.1","@types/sass-loader":"^8.0.2","@types/sax":"^1.2.3","@types/scheduler":"^0.16.2","@types/semver":"^7.3.9","@types/send":"^0.17.1","@types/serialize-javascript":"^5.0.2","@types/serve-index":"^1.9.1","@types/serve-static":"^1.13.10","@types/set-value":"^4.0.1","@types/setimmediate":"^1.0.2","@types/sha.js":"^2.4.0","@types/shebang-command":"^1.2.0","@types/shell-quote":"^1.7.1","@types/signal-exit":"^3.0.1","@types/slice-ansi":"^5.0.0","@types/sockjs":"^0.3.33","@types/sockjs-client":"^1.5.1","@types/source-list-map":"^0.1.2","@types/source-map-support":"^0.5.4","@types/sparse-bitfield":"^3.0.1","@types/spdx-correct":"^2.0.0","@types/spdx-expression-parse":"^3.0.1","@types/spdy":"^3.4.5","@types/sprintf":"^0.1.0","@types/sprintf-js":"^1.1.2","@types/ssri":"^7.1.1","@types/stack-utils":"^2.0.1","@types/standard-engine":"^12.0.3","@types/statuses":"^2.0.0","@types/stream-each":"^1.2.0","@types/stream-shift":"^1.0.0","@types/strict-uri-encode":"^2.0.0","@types/string-natural-compare":"^3.0.2","@types/string.prototype.matchall":"^4.0.1","@types/stringify-object":"^4.0.0","@types/strip-comments":"^2.0.1","@types/strip-final-newline":"^3.0.0","@types/superagent":"^4.1.15","@types/supertest":"^2.0.11","@types/supports-color":"^8.1.1","@types/svg-parser":"^2.0.3","@types/svgo":"^2.6.0","@types/symbol-tree":"^3.2.2","@types/tailwindcss":"^2.2.4","@types/tapable":"^2.2.2","@types/tar":"^6.1.1","@types/testing-library__jest-dom":"^5.14.1","@types/text-table":"^0.2.2","@types/through2":"^2.0.36","@types/thunky":"^1.1.0","@types/timsort":"^0.3.0","@types/tmp":"^0.2.2","@types/tmpl":"^1.0.0","@types/to-regex":"^3.0.0","@types/to-regex-range":"^5.0.0","@types/touch":"^3.1.2","@types/tough-cookie":"^4.0.1","@types/tryer":"^1.0.2","@types/type-check":"^0.3.27","@types/type-detect":"^4.0.1","@types/type-is":"^1.6.3","@types/uniq":"^0.0.27","@types/universalify":"^1.0.0","@types/update-notifier":"^5.1.0","@types/urix":"^0.1.0","@types/url-parse":"^1.4.4","@types/url-parse-lax":"^5.0.0","@types/util-deprecate":"^1.0.0","@types/util.promisify":"^1.0.4","@types/utils-merge":"^0.0.28","@types/uuid":"^8.3.4","@types/validate-npm-package-license":"^3.0.1","@types/validator":"^13.7.1","@types/vary":"^1.1.0","@types/w3c-hr-time":"^1.0.0","@types/w3c-xmlserializer":"^2.0.2","@types/watchpack":"^1.1.7","@types/webidl-conversions":"^6.1.1","@types/webpack":"^5.28.0","@types/webpack-dev-middleware":"^5.0.2","@types/webpack-dev-server":"^4.3.1","@types/webpack-manifest-plugin":"^3.0.5","@types/webpack-sources":"^3.2.0","@types/whatwg-encoding":"^1.0.0","@types/whatwg-mimetype":"^2.1.1","@types/whatwg-url":"^8.2.1","@types/which":"^2.0.1","@types/workbox-build":"^5.0.1","@types/workbox-sw":"^4.3.2","@types/workbox-webpack-plugin":"^5.1.8","@types/wrap-ansi":"^8.0.1","@types/write-file-atomic":"^4.0.0","@types/ws":"^8.5.3","@types/xtend":"^4.0.4","@types/yallist":"^4.0.1","@types/yargs":"^17.0.10","@types/yargs-parser":"^21.0.0"}}
[22:41:31.442] Loaded content of '/home/stivarch/.cache/typescript/4.4/package-lock.json'
[22:41:31.454] Adding entry into typings cache: 'abbrev' => '/home/stivarch/.cache/typescript/4.4/node_modules/@types/abbrev/index.d.ts'
[22:41:31.457] Adding entry into typings cache: 'accepts' => '/home/stivarch/.cache/typescript/4.4/node_modules/@types/accepts/index.d.ts'
[22:41:31.459] Adding entry into typings cache: 'accounting' => '/home/stivarch/.cache/typescript/4.4/node_modules/@types/accounting/index.d.ts'
[22:41:31.461] Adding entry into typings cache: 'are-we-there-yet' => '/home/stivarch/.cache/typescript/4.4/node_modules/@types/are-we-there-yet/index.d.ts'
[22:41:31.464] Adding entry into typings cache: 'argparse' => '/home/stivarch/.cache/typescript/4.4/node_modules/@types/argparse/index.d.ts'
[22:41:31.466] Adding entry into typings cache: 'aria-query' => '/home/stivarch/.cache/typescript/4.4/node_modules/@types/aria-query/index.d.ts'
[22:41:31.471] Adding entry into typings cache: 'arr-diff' => '/home/stivarch/.cache/typescript/4.4/node_modules/@types/arr-diff/index.d.ts'
[22:41:31.478] Adding entry into typings cache: 'arr-union' => '/home/stivarch/.cache/typescript/4.4/node_modules/@types/arr-union/index.d.ts'
[22:41:31.481] Adding entry into typings cache: 'array-find-index' => '/home/stivarch/.cache/typescript/4.4/node_modules/@types/array-find-index/index.d.ts'
[22:41:31.485] Adding entry into typings cache: 'array-unique' => '/home/stivarch/.cache/typescript/4.4/node_modules/@types/array-unique/index.d.ts'
[22:41:31.487] Adding entry into typings cache: 'array.prototype.flat' => '/home/stivarch/.cache/typescript/4.4/node_modules/@types/array.prototype.flat/index.d.ts'
[22:41:31.489] Adding entry into typings cache: 'array.prototype.flatmap' => '/home/stivarch/.cache/typescript/4.4/node_modules/@types/array.prototype.flatmap/index.d.ts'
[22:41:31.490] Adding entry into typings cache: 'asap' => '/home/stivarch/.cache/typescript/4.4/node_modules/@types/asap/index.d.ts'
[22:41:31.492] Adding entry into typings cache: 'assert' => '/home/stivarch/.cache/typescript/4.4/node_modules/@types/assert/index.d.ts'
[22:41:31.495] Adding entry into typings cache: 'async' => '/home/stivarch/.cache/typescript/4.4/node_modules/@types/async/index.d.ts'
[22:41:31.497] Adding entry into typings cache: 'atob' => '/home/stivarch/.cache/typescript/4.4/node_modules/@types/atob/index.d.ts'
[22:41:31.499] Adding entry into typings cache: 'av' => '/home/stivarch/.cache/typescript/4.4/node_modules/@types/av/index.d.ts'
[22:41:31.504] Adding entry into typings cache: 'babel__core' => '/home/stivarch/.cache/typescript/4.4/node_modules/@types/babel__core/index.d.ts'
[22:41:31.505] Adding entry into typings cache: 'babel__preset-env' => '/home/stivarch/.cache/typescript/4.4/node_modules/@types/babel__preset-env/index.d.ts'
[22:41:31.507] Adding entry into typings cache: 'babel-code-frame' => '/home/stivarch/.cache/typescript/4.4/node_modules/@types/babel-code-frame/index.d.ts'
[22:41:31.509] Adding entry into typings cache: 'babel-core' => '/home/stivarch/.cache/typescript/4.4/node_modules/@types/babel-core/index.d.ts'
[22:41:31.510] Adding entry into typings cache: 'babel-generator' => '/home/stivarch/.cache/typescript/4.4/node_modules/@types/babel-generator/index.d.ts'
[22:41:31.512] Adding entry into typings cache: 'babel-plugin-macros' => '/home/stivarch/.cache/typescript/4.4/node_modules/@types/babel-plugin-macros/index.d.ts'
[22:41:31.513] Adding entry into typings cache: 'babel-template' => '/home/stivarch/.cache/typescript/4.4/node_modules/@types/babel-template/index.d.ts'
[22:41:31.515] Adding entry into typings cache: 'babel-traverse' => '/home/stivarch/.cache/typescript/4.4/node_modules/@types/babel-traverse/index.d.ts'
[22:41:31.516] Adding entry into typings cache: 'babel-types' => '/home/stivarch/.cache/typescript/4.4/node_modules/@types/babel-types/index.d.ts'
[22:41:31.518] Adding entry into typings cache: 'babylon' => '/home/stivarch/.cache/typescript/4.4/node_modules/@types/babylon/index.d.ts'
[22:41:31.521] Adding entry into typings cache: 'balanced-match' => '/home/stivarch/.cache/typescript/4.4/node_modules/@types/balanced-match/index.d.ts'
[22:41:31.523] Adding entry into typings cache: 'basic-auth' => '/home/stivarch/.cache/typescript/4.4/node_modules/@types/basic-auth/index.d.ts'
[22:41:31.524] Adding entry into typings cache: 'bcrypt' => '/home/stivarch/.cache/typescript/4.4/node_modules/@types/bcrypt/index.d.ts'
[22:41:31.525] Adding entry into typings cache: 'bcryptjs' => '/home/stivarch/.cache/typescript/4.4/node_modules/@types/bcryptjs/index.d.ts'
[22:41:31.527] Adding entry into typings cache: 'big.js' => '/home/stivarch/.cache/typescript/4.4/node_modules/@types/big.js/index.d.ts'
[22:41:31.528] Adding entry into typings cache: 'bindings' => '/home/stivarch/.cache/typescript/4.4/node_modules/@types/bindings/index.d.ts'
[22:41:31.530] Adding entry into typings cache: 'bluebird' => '/home/stivarch/.cache/typescript/4.4/node_modules/@types/bluebird/index.d.ts'
[22:41:31.531] Adding entry into typings cache: 'blueimp-md5' => '/home/stivarch/.cache/typescript/4.4/node_modules/@types/blueimp-md5/index.d.ts'
[22:41:31.533] Adding entry into typings cache: 'bn.js' => '/home/stivarch/.cache/typescript/4.4/node_modules/@types/bn.js/index.d.ts'
[22:41:31.535] Adding entry into typings cache: 'body-parser' => '/home/stivarch/.cache/typescript/4.4/node_modules/@types/body-parser/index.d.ts'
[22:41:31.536] Adding entry into typings cache: 'bonjour' => '/home/stivarch/.cache/typescript/4.4/node_modules/@types/bonjour/index.d.ts'
[22:41:31.537] Adding entry into typings cache: 'boolbase' => '/home/stivarch/.cache/typescript/4.4/node_modules/@types/boolbase/index.d.ts'
[22:41:31.539] Adding entry into typings cache: 'bootstrap' => '/home/stivarch/.cache/typescript/4.4/node_modules/@types/bootstrap/index.d.ts'
[22:41:31.540] Adding entry into typings cache: 'brace-expansion' => '/home/stivarch/.cache/typescript/4.4/node_modules/@types/brace-expansion/index.d.ts'
[22:41:31.545] Adding entry into typings cache: 'braces' => '/home/stivarch/.cache/typescript/4.4/node_modules/@types/braces/index.d.ts'
[22:41:31.546] Adding entry into typings cache: 'brorand' => '/home/stivarch/.cache/typescript/4.4/node_modules/@types/brorand/index.d.ts'
[22:41:31.547] Adding entry into typings cache: 'bser' => '/home/stivarch/.cache/typescript/4.4/node_modules/@types/bser/index.d.ts'
[22:41:31.549] Adding entry into typings cache: 'buffer-from' => '/home/stivarch/.cache/typescript/4.4/node_modules/@types/buffer-from/index.d.ts'
[22:41:31.550] Adding entry into typings cache: 'buffer-xor' => '/home/stivarch/.cache/typescript/4.4/node_modules/@types/buffer-xor/index.d.ts'
[22:41:31.554] Adding entry into typings cache: 'busboy' => '/home/stivarch/.cache/typescript/4.4/node_modules/@types/busboy/index.d.ts'
[22:41:31.555] Adding entry into typings cache: 'bytes' => '/home/stivarch/.cache/typescript/4.4/node_modules/@types/bytes/index.d.ts'
[22:41:31.557] Adding entry into typings cache: 'cacache' => '/home/stivarch/.cache/typescript/4.4/node_modules/@types/cacache/index.d.ts'
[22:41:31.558] Adding entry into typings cache: 'cacheable-request' => '/home/stivarch/.cache/typescript/4.4/node_modules/@types/cacheable-request/index.d.ts'
[22:41:31.564] Adding entry into typings cache: 'call-bind' => '/home/stivarch/.cache/typescript/4.4/node_modules/@types/call-bind/index.d.ts'
[22:41:31.565] Adding entry into typings cache: 'camelcase-css' => '/home/stivarch/.cache/typescript/4.4/node_modules/@types/camelcase-css/index.d.ts'
[22:41:31.567] Adding entry into typings cache: 'caniuse-api' => '/home/stivarch/.cache/typescript/4.4/node_modules/@types/caniuse-api/index.d.ts'
[22:41:31.569] Adding entry into typings cache: 'caniuse-lite' => '/home/stivarch/.cache/typescript/4.4/node_modules/@types/caniuse-lite/index.d.ts'
[22:41:31.570] Adding entry into typings cache: 'case-sensitive-paths-webpack-plugin' => '/home/stivarch/.cache/typescript/4.4/node_modules/@types/case-sensitive-paths-webpack-plugin/index.d.ts'
[22:41:31.572] Adding entry into typings cache: 'charm' => '/home/stivarch/.cache/typescript/4.4/node_modules/@types/charm/index.d.ts'
[22:41:31.579] Adding entry into typings cache: 'check-types' => '/home/stivarch/.cache/typescript/4.4/node_modules/@types/check-types/index.d.ts'
[22:41:31.580] Adding entry into typings cache: 'chownr' => '/home/stivarch/.cache/typescript/4.4/node_modules/@types/chownr/index.d.ts'
[22:41:31.582] Adding entry into typings cache: 'cipher-base' => '/home/stivarch/.cache/typescript/4.4/node_modules/@types/cipher-base/index.d.ts'
[22:41:31.588] Adding entry into typings cache: 'clean-css' => '/home/stivarch/.cache/typescript/4.4/node_modules/@types/clean-css/index.d.ts'
[22:41:31.589] Adding entry into typings cache: 'co' => '/home/stivarch/.cache/typescript/4.4/node_modules/@types/co/index.d.ts'
[22:41:31.597] Adding entry into typings cache: 'color' => '/home/stivarch/.cache/typescript/4.4/node_modules/@types/color/index.d.ts'
[22:41:31.602] Adding entry into typings cache: 'color-convert' => '/home/stivarch/.cache/typescript/4.4/node_modules/@types/color-convert/index.d.ts'
[22:41:31.622] Adding entry into typings cache: 'color-name' => '/home/stivarch/.cache/typescript/4.4/node_modules/@types/color-name/index.d.ts'
[22:41:31.625] Adding entry into typings cache: 'color-string' => '/home/stivarch/.cache/typescript/4.4/node_modules/@types/color-string/index.d.ts'
[22:41:31.627] Adding entry into typings cache: 'color-support' => '/home/stivarch/.cache/typescript/4.4/node_modules/@types/color-support/index.d.ts'
[22:41:31.630] Adding entry into typings cache: 'combined-stream' => '/home/stivarch/.cache/typescript/4.4/node_modules/@types/combined-stream/index.d.ts'
[22:41:31.633] Adding entry into typings cache: 'common-tags' => '/home/stivarch/.cache/typescript/4.4/node_modules/@types/common-tags/index.d.ts'
[22:41:31.635] Adding entry into typings cache: 'commondir' => '/home/stivarch/.cache/typescript/4.4/node_modules/@types/commondir/index.d.ts'
[22:41:31.641] Adding entry into typings cache: 'component-emitter' => '/home/stivarch/.cache/typescript/4.4/node_modules/@types/component-emitter/index.d.ts'
[22:41:31.642] Adding entry into typings cache: 'compose-function' => '/home/stivarch/.cache/typescript/4.4/node_modules/@types/compose-function/index.d.ts'
[22:41:31.647] Adding entry into typings cache: 'compressible' => '/home/stivarch/.cache/typescript/4.4/node_modules/@types/compressible/index.d.ts'
[22:41:31.651] Adding entry into typings cache: 'compression' => '/home/stivarch/.cache/typescript/4.4/node_modules/@types/compression/index.d.ts'
[22:41:31.653] Adding entry into typings cache: 'concat-map' => '/home/stivarch/.cache/typescript/4.4/node_modules/@types/concat-map/index.d.ts'
[22:41:31.654] Adding entry into typings cache: 'concat-stream' => '/home/stivarch/.cache/typescript/4.4/node_modules/@types/concat-stream/index.d.ts'
[22:41:31.657] Adding entry into typings cache: 'configstore' => '/home/stivarch/.cache/typescript/4.4/node_modules/@types/configstore/index.d.ts'
[22:41:31.669] Adding entry into typings cache: 'confusing-browser-globals' => '/home/stivarch/.cache/typescript/4.4/node_modules/@types/confusing-browser-globals/index.d.ts'
[22:41:31.671] Adding entry into typings cache: 'connect-history-api-fallback' => '/home/stivarch/.cache/typescript/4.4/node_modules/@types/connect-history-api-fallback/index.d.ts'
[22:41:31.672] Adding entry into typings cache: 'content-disposition' => '/home/stivarch/.cache/typescript/4.4/node_modules/@types/content-disposition/index.d.ts'
[22:41:31.675] Adding entry into typings cache: 'content-type' => '/home/stivarch/.cache/typescript/4.4/node_modules/@types/content-type/index.d.ts'
[22:41:31.678] Adding entry into typings cache: 'convert-source-map' => '/home/stivarch/.cache/typescript/4.4/node_modules/@types/convert-source-map/index.d.ts'
[22:41:31.679] Adding entry into typings cache: 'cookie' => '/home/stivarch/.cache/typescript/4.4/node_modules/@types/cookie/index.d.ts'
[22:41:31.680] Adding entry into typings cache: 'cookie-signature' => '/home/stivarch/.cache/typescript/4.4/node_modules/@types/cookie-signature/index.d.ts'
[22:41:31.683] Adding entry into typings cache: 'cookiejar' => '/home/stivarch/.cache/typescript/4.4/node_modules/@types/cookiejar/index.d.ts'
[22:41:31.684] Adding entry into typings cache: 'core-js' => '/home/stivarch/.cache/typescript/4.4/node_modules/@types/core-js/index.d.ts'
[22:41:31.689] Adding entry into typings cache: 'cors' => '/home/stivarch/.cache/typescript/4.4/node_modules/@types/cors/index.d.ts'
[22:41:31.690] Adding entry into typings cache: 'cote' => '/home/stivarch/.cache/typescript/4.4/node_modules/@types/cote/index.d.ts'
[22:41:31.691] Adding entry into typings cache: 'create-hash' => '/home/stivarch/.cache/typescript/4.4/node_modules/@types/create-hash/index.d.ts'
[22:41:31.692] Adding entry into typings cache: 'create-hmac' => '/home/stivarch/.cache/typescript/4.4/node_modules/@types/create-hmac/index.d.ts'
[22:41:31.694] Adding entry into typings cache: 'cross-spawn' => '/home/stivarch/.cache/typescript/4.4/node_modules/@types/cross-spawn/index.d.ts'
[22:41:31.695] Adding entry into typings cache: 'css' => '/home/stivarch/.cache/typescript/4.4/node_modules/@types/css/index.d.ts'
[22:41:31.696] Adding entry into typings cache: 'css-declaration-sorter' => '/home/stivarch/.cache/typescript/4.4/node_modules/@types/css-declaration-sorter/index.d.ts'
[22:41:31.697] Adding entry into typings cache: 'css-tree' => '/home/stivarch/.cache/typescript/4.4/node_modules/@types/css-tree/index.d.ts'
[22:41:31.698] Adding entry into typings cache: 'cssesc' => '/home/stivarch/.cache/typescript/4.4/node_modules/@types/cssesc/index.d.ts'
[22:41:31.699] Adding entry into typings cache: 'cssnano' => '/home/stivarch/.cache/typescript/4.4/node_modules/@types/cssnano/index.d.ts'
[22:41:31.700] Adding entry into typings cache: 'csso' => '/home/stivarch/.cache/typescript/4.4/node_modules/@types/csso/index.d.ts'
[22:41:31.701] Adding entry into typings cache: 'cssom' => '/home/stivarch/.cache/typescript/4.4/node_modules/@types/cssom/index.d.ts'
[22:41:31.703] Adding entry into typings cache: 'cssstyle' => '/home/stivarch/.cache/typescript/4.4/node_modules/@types/cssstyle/index.d.ts'
[22:41:31.704] Adding entry into typings cache: 'd' => '/home/stivarch/.cache/typescript/4.4/node_modules/@types/d/index.d.ts'
[22:41:31.705] Adding entry into typings cache: 'damerau-levenshtein' => '/home/stivarch/.cache/typescript/4.4/node_modules/@types/damerau-levenshtein/index.d.ts'
[22:41:31.706] Adding entry into typings cache: 'data-urls' => '/home/stivarch/.cache/typescript/4.4/node_modules/@types/data-urls/index.d.ts'
[22:41:31.709] Adding entry into typings cache: 'debug' => '/home/stivarch/.cache/typescript/4.4/node_modules/@types/debug/index.d.ts'
[22:41:31.715] Adding entry into typings cache: 'decode-uri-component' => '/home/stivarch/.cache/typescript/4.4/node_modules/@types/decode-uri-component/index.d.ts'
[22:41:31.716] Adding entry into typings cache: 'dedent' => '/home/stivarch/.cache/typescript/4.4/node_modules/@types/dedent/index.d.ts'
[22:41:31.718] Adding entry into typings cache: 'deep-equal' => '/home/stivarch/.cache/typescript/4.4/node_modules/@types/deep-equal/index.d.ts'
[22:41:31.719] Adding entry into typings cache: 'deep-extend' => '/home/stivarch/.cache/typescript/4.4/node_modules/@types/deep-extend/index.d.ts'
[22:41:31.720] Adding entry into typings cache: 'default-gateway' => '/home/stivarch/.cache/typescript/4.4/node_modules/@types/default-gateway/index.d.ts'
[22:41:31.721] Adding entry into typings cache: 'define-properties' => '/home/stivarch/.cache/typescript/4.4/node_modules/@types/define-properties/index.d.ts'
[22:41:31.722] Adding entry into typings cache: 'defined' => '/home/stivarch/.cache/typescript/4.4/node_modules/@types/defined/index.d.ts'
[22:41:31.724] Adding entry into typings cache: 'delegates' => '/home/stivarch/.cache/typescript/4.4/node_modules/@types/delegates/index.d.ts'
[22:41:31.725] Adding entry into typings cache: 'depd' => '/home/stivarch/.cache/typescript/4.4/node_modules/@types/depd/index.d.ts'
[22:41:31.726] Adding entry into typings cache: 'destroy' => '/home/stivarch/.cache/typescript/4.4/node_modules/@types/destroy/index.d.ts'
[22:41:31.728] Adding entry into typings cache: 'detect-libc' => '/home/stivarch/.cache/typescript/4.4/node_modules/@types/detect-libc/index.d.ts'
[22:41:31.729] Adding entry into typings cache: 'detect-node' => '/home/stivarch/.cache/typescript/4.4/node_modules/@types/detect-node/index.d.ts'
[22:41:31.732] Adding entry into typings cache: 'detective' => '/home/stivarch/.cache/typescript/4.4/node_modules/@types/detective/index.d.ts'
[22:41:31.733] Adding entry into typings cache: 'didyoumean' => '/home/stivarch/.cache/typescript/4.4/node_modules/@types/didyoumean/index.d.ts'
[22:41:31.736] Adding entry into typings cache: 'diff' => '/home/stivarch/.cache/typescript/4.4/node_modules/@types/diff/index.d.ts'
[22:41:31.738] Adding entry into typings cache: 'diffie-hellman' => '/home/stivarch/.cache/typescript/4.4/node_modules/@types/diffie-hellman/index.d.ts'
[22:41:31.738] Adding entry into typings cache: 'dir-glob' => '/home/stivarch/.cache/typescript/4.4/node_modules/@types/dir-glob/index.d.ts'
[22:41:31.739] Adding entry into typings cache: 'dlv' => '/home/stivarch/.cache/typescript/4.4/node_modules/@types/dlv/index.d.ts'
[22:41:31.742] Adding entry into typings cache: 'dns-packet' => '/home/stivarch/.cache/typescript/4.4/node_modules/@types/dns-packet/index.d.ts'
[22:41:31.744] Adding entry into typings cache: 'doctrine' => '/home/stivarch/.cache/typescript/4.4/node_modules/@types/doctrine/index.d.ts'
[22:41:31.747] Adding entry into typings cache: 'domexception' => '/home/stivarch/.cache/typescript/4.4/node_modules/@types/domexception/index.d.ts'
[22:41:31.754] Adding entry into typings cache: 'duplexer3' => '/home/stivarch/.cache/typescript/4.4/node_modules/@types/duplexer3/index.d.ts'
[22:41:31.755] Adding entry into typings cache: 'duplexify' => '/home/stivarch/.cache/typescript/4.4/node_modules/@types/duplexify/index.d.ts'
[22:41:31.756] Adding entry into typings cache: 'ee-first' => '/home/stivarch/.cache/typescript/4.4/node_modules/@types/ee-first/index.d.ts'
[22:41:31.757] Adding entry into typings cache: 'ejs' => '/home/stivarch/.cache/typescript/4.4/node_modules/@types/ejs/index.d.ts'
[22:41:31.758] Adding entry into typings cache: 'elliptic' => '/home/stivarch/.cache/typescript/4.4/node_modules/@types/elliptic/index.d.ts'
[22:41:31.759] Adding entry into typings cache: 'encodeurl' => '/home/stivarch/.cache/typescript/4.4/node_modules/@types/encodeurl/index.d.ts'
[22:41:31.761] Adding entry into typings cache: 'end-of-stream' => '/home/stivarch/.cache/typescript/4.4/node_modules/@types/end-of-stream/index.d.ts'
[22:41:31.763] Adding entry into typings cache: 'enhanced-resolve' => '/home/stivarch/.cache/typescript/4.4/node_modules/enhanced-resolve/types.d.ts'
[22:41:31.764] Adding entry into typings cache: 'es-abstract' => '/home/stivarch/.cache/typescript/4.4/node_modules/@types/es-abstract/index.d.ts'
[22:41:31.765] Adding entry into typings cache: 'es-to-primitive' => '/home/stivarch/.cache/typescript/4.4/node_modules/@types/es-to-primitive/index.d.ts'
[22:41:31.766] Adding entry into typings cache: 'escape-html' => '/home/stivarch/.cache/typescript/4.4/node_modules/@types/escape-html/index.d.ts'
[22:41:31.767] Adding entry into typings cache: 'escodegen' => '/home/stivarch/.cache/typescript/4.4/node_modules/@types/escodegen/index.d.ts'
[22:41:31.768] Adding entry into typings cache: 'eslint' => '/home/stivarch/.cache/typescript/4.4/node_modules/@types/eslint/index.d.ts'
[22:41:31.770] Adding entry into typings cache: 'eslint-scope' => '/home/stivarch/.cache/typescript/4.4/node_modules/@types/eslint-scope/index.d.ts'
[22:41:31.771] Adding entry into typings cache: 'eslint-utils' => '/home/stivarch/.cache/typescript/4.4/node_modules/@types/eslint-utils/index.d.ts'
[22:41:31.772] Adding entry into typings cache: 'eslint-visitor-keys' => '/home/stivarch/.cache/typescript/4.4/node_modules/@types/eslint-visitor-keys/index.d.ts'
[22:41:31.774] Adding entry into typings cache: 'esprima' => '/home/stivarch/.cache/typescript/4.4/node_modules/@types/esprima/index.d.ts'
[22:41:31.775] Adding entry into typings cache: 'esquery' => '/home/stivarch/.cache/typescript/4.4/node_modules/@types/esquery/index.d.ts'
[22:41:31.776] Adding entry into typings cache: 'estraverse' => '/home/stivarch/.cache/typescript/4.4/node_modules/@types/estraverse/index.d.ts'
[22:41:31.777] Adding entry into typings cache: 'esutils' => '/home/stivarch/.cache/typescript/4.4/node_modules/@types/esutils/index.d.ts'
[22:41:31.780] Adding entry into typings cache: 'etag' => '/home/stivarch/.cache/typescript/4.4/node_modules/@types/etag/index.d.ts'
[22:41:31.782] Adding entry into typings cache: 'events' => '/home/stivarch/.cache/typescript/4.4/node_modules/@types/events/index.d.ts'
[22:41:31.783] Adding entry into typings cache: 'eventsource' => '/home/stivarch/.cache/typescript/4.4/node_modules/@types/eventsource/index.d.ts'
[22:41:31.784] Adding entry into typings cache: 'exit' => '/home/stivarch/.cache/typescript/4.4/node_modules/@types/exit/index.d.ts'
[22:41:31.785] Adding entry into typings cache: 'express' => '/home/stivarch/.cache/typescript/4.4/node_modules/@types/express/index.d.ts'
[22:41:31.787] Adding entry into typings cache: 'express-fileupload' => '/home/stivarch/.cache/typescript/4.4/node_modules/@types/express-fileupload/index.d.ts'
[22:41:31.788] Adding entry into typings cache: 'fast-levenshtein' => '/home/stivarch/.cache/typescript/4.4/node_modules/@types/fast-levenshtein/index.d.ts'
[22:41:31.789] Adding entry into typings cache: 'fb-watchman' => '/home/stivarch/.cache/typescript/4.4/node_modules/@types/fb-watchman/index.d.ts'
[22:41:31.790] Adding entry into typings cache: 'file-entry-cache' => '/home/stivarch/.cache/typescript/4.4/node_modules/@types/file-entry-cache/index.d.ts'
[22:41:31.791] Adding entry into typings cache: 'file-loader' => '/home/stivarch/.cache/typescript/4.4/node_modules/@types/file-loader/index.d.ts'
[22:41:31.793] Adding entry into typings cache: 'fill-range' => '/home/stivarch/.cache/typescript/4.4/node_modules/@types/fill-range/index.d.ts'
[22:41:31.794] Adding entry into typings cache: 'finalhandler' => '/home/stivarch/.cache/typescript/4.4/node_modules/@types/finalhandler/index.d.ts'
[22:41:31.795] Adding entry into typings cache: 'find-cache-dir' => '/home/stivarch/.cache/typescript/4.4/node_modules/@types/find-cache-dir/index.d.ts'
[22:41:31.799] Adding entry into typings cache: 'flat-cache' => '/home/stivarch/.cache/typescript/4.4/node_modules/@types/flat-cache/index.d.ts'
[22:41:31.800] Adding entry into typings cache: 'flush-write-stream' => '/home/stivarch/.cache/typescript/4.4/node_modules/@types/flush-write-stream/index.d.ts'
[22:41:31.802] Adding entry into typings cache: 'follow-redirects' => '/home/stivarch/.cache/typescript/4.4/node_modules/@types/follow-redirects/index.d.ts'
[22:41:31.803] Adding entry into typings cache: 'formidable' => '/home/stivarch/.cache/typescript/4.4/node_modules/@types/formidable/index.d.ts'
[22:41:31.804] Adding entry into typings cache: 'forwarded' => '/home/stivarch/.cache/typescript/4.4/node_modules/@types/forwarded/index.d.ts'
[22:41:31.804] Adding entry into typings cache: 'fresh' => '/home/stivarch/.cache/typescript/4.4/node_modules/@types/fresh/index.d.ts'
[22:41:31.805] Adding entry into typings cache: 'from2' => '/home/stivarch/.cache/typescript/4.4/node_modules/@types/from2/index.d.ts'
[22:41:31.806] Adding entry into typings cache: 'fs-extra' => '/home/stivarch/.cache/typescript/4.4/node_modules/@types/fs-extra/index.d.ts'
[22:41:31.807] Adding entry into typings cache: 'fs-readdir-recursive' => '/home/stivarch/.cache/typescript/4.4/node_modules/@types/fs-readdir-recursive/index.d.ts'
[22:41:31.808] Adding entry into typings cache: 'function-bind' => '/home/stivarch/.cache/typescript/4.4/node_modules/@types/function-bind/index.d.ts'
[22:41:31.809] Adding entry into typings cache: 'functional-red-black-tree' => '/home/stivarch/.cache/typescript/4.4/node_modules/@types/functional-red-black-tree/index.d.ts'
[22:41:31.810] Adding entry into typings cache: 'get-intrinsic' => '/home/stivarch/.cache/typescript/4.4/node_modules/@types/get-intrinsic/index.d.ts'
[22:41:31.813] Adding entry into typings cache: 'get-value' => '/home/stivarch/.cache/typescript/4.4/node_modules/@types/get-value/index.d.ts'
[22:41:31.815] Adding entry into typings cache: 'glob' => '/home/stivarch/.cache/typescript/4.4/node_modules/@types/glob/index.d.ts'
[22:41:31.816] Adding entry into typings cache: 'glob-parent' => '/home/stivarch/.cache/typescript/4.4/node_modules/@types/glob-parent/index.d.ts'
[22:41:31.823] Adding entry into typings cache: 'glob-to-regexp' => '/home/stivarch/.cache/typescript/4.4/node_modules/@types/glob-to-regexp/index.d.ts'
[22:41:31.825] Adding entry into typings cache: 'global-modules' => '/home/stivarch/.cache/typescript/4.4/node_modules/@types/global-modules/index.d.ts'
[22:41:31.825] Adding entry into typings cache: 'global-prefix' => '/home/stivarch/.cache/typescript/4.4/node_modules/@types/global-prefix/index.d.ts'
[22:41:31.826] Adding entry into typings cache: 'got' => '/home/stivarch/.cache/typescript/4.4/node_modules/@types/got/index.d.ts'
[22:41:31.827] Adding entry into typings cache: 'graceful-fs' => '/home/stivarch/.cache/typescript/4.4/node_modules/@types/graceful-fs/index.d.ts'
[22:41:31.828] Adding entry into typings cache: 'has' => '/home/stivarch/.cache/typescript/4.4/node_modules/@types/has/index.d.ts'
[22:41:31.828] Adding entry into typings cache: 'has-ansi' => '/home/stivarch/.cache/typescript/4.4/node_modules/@types/has-ansi/index.d.ts'
[22:41:31.829] Adding entry into typings cache: 'has-symbols' => '/home/stivarch/.cache/typescript/4.4/node_modules/@types/has-symbols/index.d.ts'
[22:41:31.829] Adding entry into typings cache: 'he' => '/home/stivarch/.cache/typescript/4.4/node_modules/@types/he/index.d.ts'
[22:41:31.831] Adding entry into typings cache: 'hex-color-regex' => '/home/stivarch/.cache/typescript/4.4/node_modules/@types/hex-color-regex/index.d.ts'
[22:41:31.832] Adding entry into typings cache: 'hoist-non-react-statics' => '/home/stivarch/.cache/typescript/4.4/node_modules/@types/hoist-non-react-statics/index.d.ts'
[22:41:31.833] Adding entry into typings cache: 'hosted-git-info' => '/home/stivarch/.cache/typescript/4.4/node_modules/@types/hosted-git-info/index.d.ts'
[22:41:31.834] Adding entry into typings cache: 'html-encoding-sniffer' => '/home/stivarch/.cache/typescript/4.4/node_modules/@types/html-encoding-sniffer/index.d.ts'
[22:41:31.834] Adding entry into typings cache: 'html-escaper' => '/home/stivarch/.cache/typescript/4.4/node_modules/@types/html-escaper/index.d.ts'
[22:41:31.835] Adding entry into typings cache: 'html-minifier-terser' => '/home/stivarch/.cache/typescript/4.4/node_modules/@types/html-minifier-terser/index.d.ts'
[22:41:31.835] Adding entry into typings cache: 'html-pdf' => '/home/stivarch/.cache/typescript/4.4/node_modules/@types/html-pdf/index.d.ts'
[22:41:31.836] Adding entry into typings cache: 'http-cache-semantics' => '/home/stivarch/.cache/typescript/4.4/node_modules/@types/http-cache-semantics/index.d.ts'
[22:41:31.836] Adding entry into typings cache: 'http-errors' => '/home/stivarch/.cache/typescript/4.4/node_modules/@types/http-errors/index.d.ts'
[22:41:31.837] Adding entry into typings cache: 'http-proxy' => '/home/stivarch/.cache/typescript/4.4/node_modules/@types/http-proxy/index.d.ts'
[22:41:31.838] Adding entry into typings cache: 'icss-utils' => '/home/stivarch/.cache/typescript/4.4/node_modules/@types/icss-utils/index.d.ts'
[22:41:31.838] Adding entry into typings cache: 'iferr' => '/home/stivarch/.cache/typescript/4.4/node_modules/@types/iferr/index.d.ts'
[22:41:31.839] Adding entry into typings cache: 'imurmurhash' => '/home/stivarch/.cache/typescript/4.4/node_modules/@types/imurmurhash/index.d.ts'
[22:41:31.840] Adding entry into typings cache: 'inherits' => '/home/stivarch/.cache/typescript/4.4/node_modules/@types/inherits/index.d.ts'
[22:41:31.840] Adding entry into typings cache: 'ini' => '/home/stivarch/.cache/typescript/4.4/node_modules/@types/ini/index.d.ts'
[22:41:31.842] Adding entry into typings cache: 'internal-slot' => '/home/stivarch/.cache/typescript/4.4/node_modules/@types/internal-slot/index.d.ts'
[22:41:31.843] Adding entry into typings cache: 'invariant' => '/home/stivarch/.cache/typescript/4.4/node_modules/@types/invariant/index.d.ts'
[22:41:31.843] Adding entry into typings cache: 'ip' => '/home/stivarch/.cache/typescript/4.4/node_modules/@types/ip/index.d.ts'
[22:41:31.844] Adding entry into typings cache: 'is-arguments' => '/home/stivarch/.cache/typescript/4.4/node_modules/@types/is-arguments/index.d.ts'
[22:41:31.845] Adding entry into typings cache: 'is-bigint' => '/home/stivarch/.cache/typescript/4.4/node_modules/@types/is-bigint/index.d.ts'
[22:41:31.845] Adding entry into typings cache: 'is-boolean-object' => '/home/stivarch/.cache/typescript/4.4/node_modules/@types/is-boolean-object/index.d.ts'
[22:41:31.850] Adding entry into typings cache: 'is-buffer' => '/home/stivarch/.cache/typescript/4.4/node_modules/@types/is-buffer/index.d.ts'
[22:41:31.851] Adding entry into typings cache: 'is-callable' => '/home/stivarch/.cache/typescript/4.4/node_modules/@types/is-callable/index.d.ts'
[22:41:31.852] Adding entry into typings cache: 'is-ci' => '/home/stivarch/.cache/typescript/4.4/node_modules/@types/is-ci/index.d.ts'
[22:41:31.852] Adding entry into typings cache: 'is-core-module' => '/home/stivarch/.cache/typescript/4.4/node_modules/@types/is-core-module/index.d.ts'
[22:41:31.854] Adding entry into typings cache: 'is-data-descriptor' => '/home/stivarch/.cache/typescript/4.4/node_modules/@types/is-data-descriptor/index.d.ts'
[22:41:31.854] Adding entry into typings cache: 'is-date-object' => '/home/stivarch/.cache/typescript/4.4/node_modules/@types/is-date-object/index.d.ts'
[22:41:31.855] Adding entry into typings cache: 'is-finite' => '/home/stivarch/.cache/typescript/4.4/node_modules/@types/is-finite/index.d.ts'
[22:41:31.856] Adding entry into typings cache: 'is-glob' => '/home/stivarch/.cache/typescript/4.4/node_modules/@types/is-glob/index.d.ts'
[22:41:31.857] Adding entry into typings cache: 'is-number' => '/home/stivarch/.cache/typescript/4.4/node_modules/@types/is-number/index.d.ts'
[22:41:31.857] Adding entry into typings cache: 'is-regex' => '/home/stivarch/.cache/typescript/4.4/node_modules/@types/is-regex/index.d.ts'
[22:41:31.857] Adding entry into typings cache: 'is-string' => '/home/stivarch/.cache/typescript/4.4/node_modules/@types/is-string/index.d.ts'
[22:41:31.858] Adding entry into typings cache: 'is-typedarray' => '/home/stivarch/.cache/typescript/4.4/node_modules/@types/is-typedarray/index.d.ts'
[22:41:31.859] Adding entry into typings cache: 'is-windows' => '/home/stivarch/.cache/typescript/4.4/node_modules/@types/is-windows/index.d.ts'
[22:41:31.860] Adding entry into typings cache: 'isarray' => '/home/stivarch/.cache/typescript/4.4/node_modules/@types/isarray/index.d.ts'
[22:41:31.861] Adding entry into typings cache: 'isexe' => '/home/stivarch/.cache/typescript/4.4/node_modules/@types/isexe/index.d.ts'
[22:41:31.862] Adding entry into typings cache: 'istanbul-lib-coverage' => '/home/stivarch/.cache/typescript/4.4/node_modules/@types/istanbul-lib-coverage/index.d.ts'
[22:41:31.862] Adding entry into typings cache: 'istanbul-lib-instrument' => '/home/stivarch/.cache/typescript/4.4/node_modules/@types/istanbul-lib-instrument/index.d.ts'
[22:41:31.863] Adding entry into typings cache: 'istanbul-lib-report' => '/home/stivarch/.cache/typescript/4.4/node_modules/@types/istanbul-lib-report/index.d.ts'
[22:41:31.863] Adding entry into typings cache: 'istanbul-lib-source-maps' => '/home/stivarch/.cache/typescript/4.4/node_modules/@types/istanbul-lib-source-maps/index.d.ts'
[22:41:31.863] Adding entry into typings cache: 'istanbul-reports' => '/home/stivarch/.cache/typescript/4.4/node_modules/@types/istanbul-reports/index.d.ts'
[22:41:31.864] Adding entry into typings cache: 'js-string-escape' => '/home/stivarch/.cache/typescript/4.4/node_modules/@types/js-string-escape/index.d.ts'
[22:41:31.864] Adding entry into typings cache: 'js-yaml' => '/home/stivarch/.cache/typescript/4.4/node_modules/@types/js-yaml/index.d.ts'
[22:41:31.865] Adding entry into typings cache: 'jsdom' => '/home/stivarch/.cache/typescript/4.4/node_modules/@types/jsdom/index.d.ts'
[22:41:31.865] Adding entry into typings cache: 'jsesc' => '/home/stivarch/.cache/typescript/4.4/node_modules/@types/jsesc/index.d.ts'
[22:41:31.866] Adding entry into typings cache: 'json-buffer' => '/home/stivarch/.cache/typescript/4.4/node_modules/@types/json-buffer/index.d.ts'
[22:41:31.867] Adding entry into typings cache: 'json-parse-better-errors' => '/home/stivarch/.cache/typescript/4.4/node_modules/@types/json-parse-better-errors/index.d.ts'
[22:41:31.867] Adding entry into typings cache: 'json3' => '/home/stivarch/.cache/typescript/4.4/node_modules/@types/json3/index.d.ts'
[22:41:31.868] Adding entry into typings cache: 'jsonfile' => '/home/stivarch/.cache/typescript/4.4/node_modules/@types/jsonfile/index.d.ts'
[22:41:31.868] Adding entry into typings cache: 'jsonwebtoken' => '/home/stivarch/.cache/typescript/4.4/node_modules/@types/jsonwebtoken/index.d.ts'
[22:41:31.869] Adding entry into typings cache: 'jwa' => '/home/stivarch/.cache/typescript/4.4/node_modules/@types/jwa/index.d.ts'
[22:41:31.869] Adding entry into typings cache: 'jws' => '/home/stivarch/.cache/typescript/4.4/node_modules/@types/jws/index.d.ts'
[22:41:31.870] Adding entry into typings cache: 'keyv' => '/home/stivarch/.cache/typescript/4.4/node_modules/@types/keyv/index.d.ts'
[22:41:31.871] Adding entry into typings cache: 'kind-of' => '/home/stivarch/.cache/typescript/4.4/node_modules/@types/kind-of/index.d.ts'
[22:41:31.871] Adding entry into typings cache: 'language-tags' => '/home/stivarch/.cache/typescript/4.4/node_modules/@types/language-tags/index.d.ts'
[22:41:31.872] Adding entry into typings cache: 'loader-runner' => '/home/stivarch/.cache/typescript/4.4/node_modules/@types/loader-runner/index.d.ts'
[22:41:31.873] Adding entry into typings cache: 'loader-utils' => '/home/stivarch/.cache/typescript/4.4/node_modules/@types/loader-utils/index.d.ts'
[22:41:31.873] Adding entry into typings cache: 'lodash' => '/home/stivarch/.cache/typescript/4.4/node_modules/@types/lodash/index.d.ts'
[22:41:31.874] Adding entry into typings cache: 'lodash.debounce' => '/home/stivarch/.cache/typescript/4.4/node_modules/@types/lodash.debounce/index.d.ts'
[22:41:31.874] Adding entry into typings cache: 'lodash.get' => '/home/stivarch/.cache/typescript/4.4/node_modules/@types/lodash.get/index.d.ts'
[22:41:31.875] Adding entry into typings cache: 'lodash.includes' => '/home/stivarch/.cache/typescript/4.4/node_modules/@types/lodash.includes/index.d.ts'
[22:41:31.875] Adding entry into typings cache: 'lodash.isboolean' => '/home/stivarch/.cache/typescript/4.4/node_modules/@types/lodash.isboolean/index.d.ts'
[22:41:31.877] Adding entry into typings cache: 'lodash.isinteger' => '/home/stivarch/.cache/typescript/4.4/node_modules/@types/lodash.isinteger/index.d.ts'
[22:41:31.877] Adding entry into typings cache: 'lodash.isnumber' => '/home/stivarch/.cache/typescript/4.4/node_modules/@types/lodash.isnumber/index.d.ts'
[22:41:31.878] Adding entry into typings cache: 'lodash.isplainobject' => '/home/stivarch/.cache/typescript/4.4/node_modules/@types/lodash.isplainobject/index.d.ts'
[22:41:31.878] Adding entry into typings cache: 'lodash.isstring' => '/home/stivarch/.cache/typescript/4.4/node_modules/@types/lodash.isstring/index.d.ts'
[22:41:31.879] Adding entry into typings cache: 'lodash.memoize' => '/home/stivarch/.cache/typescript/4.4/node_modules/@types/lodash.memoize/index.d.ts'
[22:41:31.879] Adding entry into typings cache: 'lodash.merge' => '/home/stivarch/.cache/typescript/4.4/node_modules/@types/lodash.merge/index.d.ts'
[22:41:31.880] Adding entry into typings cache: 'lodash.once' => '/home/stivarch/.cache/typescript/4.4/node_modules/@types/lodash.once/index.d.ts'
[22:41:31.880] Adding entry into typings cache: 'lodash.template' => '/home/stivarch/.cache/typescript/4.4/node_modules/@types/lodash.template/index.d.ts'
[22:41:31.881] Adding entry into typings cache: 'lodash.topath' => '/home/stivarch/.cache/typescript/4.4/node_modules/@types/lodash.topath/index.d.ts'
[22:41:31.882] Adding entry into typings cache: 'lodash.truncate' => '/home/stivarch/.cache/typescript/4.4/node_modules/@types/lodash.truncate/index.d.ts'
[22:41:31.883] Adding entry into typings cache: 'lodash.uniq' => '/home/stivarch/.cache/typescript/4.4/node_modules/@types/lodash.uniq/index.d.ts'
[22:41:31.883] Adding entry into typings cache: 'logger' => '/home/stivarch/.cache/typescript/4.4/node_modules/@types/logger/index.d.ts'
[22:41:31.884] Adding entry into typings cache: 'lru-cache' => '/home/stivarch/.cache/typescript/4.4/node_modules/@types/lru-cache/index.d.ts'
[22:41:31.884] Adding entry into typings cache: 'lz-string' => '/home/stivarch/.cache/typescript/4.4/node_modules/@types/lz-string/index.d.ts'
[22:41:31.885] Adding entry into typings cache: 'media-typer' => '/home/stivarch/.cache/typescript/4.4/node_modules/@types/media-typer/index.d.ts'
[22:41:31.885] Adding entry into typings cache: 'memory-fs' => '/home/stivarch/.cache/typescript/4.4/node_modules/@types/memory-fs/index.d.ts'
[22:41:31.886] Adding entry into typings cache: 'memory-pager' => '/home/stivarch/.cache/typescript/4.4/node_modules/@types/memory-pager/index.d.ts'
[22:41:31.886] Adding entry into typings cache: 'merge-descriptors' => '/home/stivarch/.cache/typescript/4.4/node_modules/@types/merge-descriptors/index.d.ts'
[22:41:31.887] Adding entry into typings cache: 'merge-stream' => '/home/stivarch/.cache/typescript/4.4/node_modules/@types/merge-stream/index.d.ts'
[22:41:31.888] Adding entry into typings cache: 'merge2' => '/home/stivarch/.cache/typescript/4.4/node_modules/@types/merge2/index.d.ts'
[22:41:31.888] Adding entry into typings cache: 'methods' => '/home/stivarch/.cache/typescript/4.4/node_modules/@types/methods/index.d.ts'
[22:41:31.890] Adding entry into typings cache: 'micromatch' => '/home/stivarch/.cache/typescript/4.4/node_modules/@types/micromatch/index.d.ts'
[22:41:31.890] Adding entry into typings cache: 'mime' => '/home/stivarch/.cache/typescript/4.4/node_modules/@types/mime/index.d.ts'
[22:41:31.891] Adding entry into typings cache: 'mime-db' => '/home/stivarch/.cache/typescript/4.4/node_modules/@types/mime-db/index.d.ts'
[22:41:31.892] Adding entry into typings cache: 'mime-types' => '/home/stivarch/.cache/typescript/4.4/node_modules/@types/mime-types/index.d.ts'
[22:41:31.899] Adding entry into typings cache: 'min-indent' => '/home/stivarch/.cache/typescript/4.4/node_modules/@types/min-indent/index.d.ts'
[22:41:31.900] Adding entry into typings cache: 'mini-css-extract-plugin' => '/home/stivarch/.cache/typescript/4.4/node_modules/@types/mini-css-extract-plugin/index.d.ts'
[22:41:31.901] Adding entry into typings cache: 'minimalistic-assert' => '/home/stivarch/.cache/typescript/4.4/node_modules/@types/minimalistic-assert/index.d.ts'
[22:41:31.904] Adding entry into typings cache: 'minimatch' => '/home/stivarch/.cache/typescript/4.4/node_modules/@types/minimatch/index.d.ts'
[22:41:31.904] Adding entry into typings cache: 'minimist' => '/home/stivarch/.cache/typescript/4.4/node_modules/@types/minimist/index.d.ts'
[22:41:31.905] Adding entry into typings cache: 'minipass' => '/home/stivarch/.cache/typescript/4.4/node_modules/@types/minipass/index.d.ts'
[22:41:31.907] Adding entry into typings cache: 'minizlib' => '/home/stivarch/.cache/typescript/4.4/node_modules/@types/minizlib/index.d.ts'
[22:41:31.908] Adding entry into typings cache: 'mkdirp' => '/home/stivarch/.cache/typescript/4.4/node_modules/@types/mkdirp/index.d.ts'
[22:41:31.908] Adding entry into typings cache: 'mock-req-res' => '/home/stivarch/.cache/typescript/4.4/node_modules/@types/mock-req-res/index.d.ts'
[22:41:31.909] Adding entry into typings cache: 'morgan' => '/home/stivarch/.cache/typescript/4.4/node_modules/@types/morgan/index.d.ts'
[22:41:31.909] Adding entry into typings cache: 'move-concurrently' => '/home/stivarch/.cache/typescript/4.4/node_modules/@types/move-concurrently/index.d.ts'
[22:41:31.910] Adding entry into typings cache: 'ms' => '/home/stivarch/.cache/typescript/4.4/node_modules/@types/ms/index.d.ts'
[22:41:31.911] Adding entry into typings cache: 'multicast-dns' => '/home/stivarch/.cache/typescript/4.4/node_modules/@types/multicast-dns/index.d.ts'
[22:41:31.911] Adding entry into typings cache: 'natural-compare' => '/home/stivarch/.cache/typescript/4.4/node_modules/@types/natural-compare/index.d.ts'
[22:41:31.911] Adding entry into typings cache: 'negotiator' => '/home/stivarch/.cache/typescript/4.4/node_modules/@types/negotiator/index.d.ts'
[22:41:31.912] Adding entry into typings cache: 'next-tick' => '/home/stivarch/.cache/typescript/4.4/node_modules/@types/next-tick/index.d.ts'
[22:41:31.912] Adding entry into typings cache: 'nice-try' => '/home/stivarch/.cache/typescript/4.4/node_modules/@types/nice-try/index.d.ts'
[22:41:31.913] Adding entry into typings cache: 'node-cron' => '/home/stivarch/.cache/typescript/4.4/node_modules/@types/node-cron/index.d.ts'
[22:41:31.914] Adding entry into typings cache: 'node-emoji' => '/home/stivarch/.cache/typescript/4.4/node_modules/@types/node-emoji/index.d.ts'
[22:41:31.914] Adding entry into typings cache: 'node-fetch' => '/home/stivarch/.cache/typescript/4.4/node_modules/@types/node-fetch/index.d.ts'
[22:41:31.915] Adding entry into typings cache: 'node-forge' => '/home/stivarch/.cache/typescript/4.4/node_modules/@types/node-forge/index.d.ts'
[22:41:31.915] Adding entry into typings cache: 'node-int64' => '/home/stivarch/.cache/typescript/4.4/node_modules/@types/node-int64/index.d.ts'
[22:41:31.916] Adding entry into typings cache: 'node-notifier' => '/home/stivarch/.cache/typescript/4.4/node_modules/@types/node-notifier/index.d.ts'
[22:41:31.917] Adding entry into typings cache: 'nodemailer' => '/home/stivarch/.cache/typescript/4.4/node_modules/@types/nodemailer/index.d.ts'
[22:41:31.917] Adding entry into typings cache: 'nodemon' => '/home/stivarch/.cache/typescript/4.4/node_modules/@types/nodemon/index.d.ts'
[22:41:31.917] Adding entry into typings cache: 'nopt' => '/home/stivarch/.cache/typescript/4.4/node_modules/@types/nopt/index.d.ts'
[22:41:31.918] Adding entry into typings cache: 'normalize-package-data' => '/home/stivarch/.cache/typescript/4.4/node_modules/@types/normalize-package-data/index.d.ts'
[22:41:31.919] Adding entry into typings cache: 'normalize-path' => '/home/stivarch/.cache/typescript/4.4/node_modules/@types/normalize-path/index.d.ts'
[22:41:31.919] Adding entry into typings cache: 'npmlog' => '/home/stivarch/.cache/typescript/4.4/node_modules/@types/npmlog/index.d.ts'
[22:41:31.919] Adding entry into typings cache: 'num2fraction' => '/home/stivarch/.cache/typescript/4.4/node_modules/@types/num2fraction/index.d.ts'
[22:41:31.920] Adding entry into typings cache: 'nwsapi' => '/home/stivarch/.cache/typescript/4.4/node_modules/@types/nwsapi/index.d.ts'
[22:41:31.920] Adding entry into typings cache: 'object-assign' => '/home/stivarch/.cache/typescript/4.4/node_modules/@types/object-assign/index.d.ts'
[22:41:31.921] Adding entry into typings cache: 'object-hash' => '/home/stivarch/.cache/typescript/4.4/node_modules/@types/object-hash/index.d.ts'
[22:41:31.921] Adding entry into typings cache: 'object-inspect' => '/home/stivarch/.cache/typescript/4.4/node_modules/@types/object-inspect/index.d.ts'
[22:41:31.921] Adding entry into typings cache: 'object-keys' => '/home/stivarch/.cache/typescript/4.4/node_modules/@types/object-keys/index.d.ts'
[22:41:31.922] Adding entry into typings cache: 'object.fromentries' => '/home/stivarch/.cache/typescript/4.4/node_modules/@types/object.fromentries/index.d.ts'
[22:41:31.922] Adding entry into typings cache: 'object.getownpropertydescriptors' => '/home/stivarch/.cache/typescript/4.4/node_modules/@types/object.getownpropertydescriptors/index.d.ts'
[22:41:31.923] Adding entry into typings cache: 'object.pick' => '/home/stivarch/.cache/typescript/4.4/node_modules/@types/object.pick/index.d.ts'
[22:41:31.923] Adding entry into typings cache: 'on-finished' => '/home/stivarch/.cache/typescript/4.4/node_modules/@types/on-finished/index.d.ts'
[22:41:31.924] Adding entry into typings cache: 'on-headers' => '/home/stivarch/.cache/typescript/4.4/node_modules/@types/on-headers/index.d.ts'
[22:41:31.926] Adding entry into typings cache: 'once' => '/home/stivarch/.cache/typescript/4.4/node_modules/@types/once/index.d.ts'
[22:41:31.926] Adding entry into typings cache: 'optimize-css-assets-webpack-plugin' => '/home/stivarch/.cache/typescript/4.4/node_modules/@types/optimize-css-assets-webpack-plugin/index.d.ts'
[22:41:31.927] Adding entry into typings cache: 'original' => '/home/stivarch/.cache/typescript/4.4/node_modules/@types/original/index.d.ts'
[22:41:31.927] Adding entry into typings cache: 'os-homedir' => '/home/stivarch/.cache/typescript/4.4/node_modules/@types/os-homedir/index.d.ts'
[22:41:31.927] Adding entry into typings cache: 'os-tmpdir' => '/home/stivarch/.cache/typescript/4.4/node_modules/@types/os-tmpdir/index.d.ts'
[22:41:31.928] Adding entry into typings cache: 'pako' => '/home/stivarch/.cache/typescript/4.4/node_modules/@types/pako/index.d.ts'
[22:41:31.928] Adding entry into typings cache: 'parallel-transform' => '/home/stivarch/.cache/typescript/4.4/node_modules/@types/parallel-transform/index.d.ts'
[22:41:31.929] Adding entry into typings cache: 'parse-json' => '/home/stivarch/.cache/typescript/4.4/node_modules/@types/parse-json/index.d.ts'
[22:41:31.929] Adding entry into typings cache: 'parse5' => '/home/stivarch/.cache/typescript/4.4/node_modules/@types/parse5/index.d.ts'
[22:41:31.929] Adding entry into typings cache: 'parseurl' => '/home/stivarch/.cache/typescript/4.4/node_modules/@types/parseurl/index.d.ts'
[22:41:31.930] Adding entry into typings cache: 'pascalcase' => '/home/stivarch/.cache/typescript/4.4/node_modules/@types/pascalcase/index.d.ts'
[22:41:31.931] Adding entry into typings cache: 'path-browserify' => '/home/stivarch/.cache/typescript/4.4/node_modules/@types/path-browserify/index.d.ts'
[22:41:31.931] Adding entry into typings cache: 'path-is-absolute' => '/home/stivarch/.cache/typescript/4.4/node_modules/@types/path-is-absolute/index.d.ts'
[22:41:31.932] Adding entry into typings cache: 'path-is-inside' => '/home/stivarch/.cache/typescript/4.4/node_modules/@types/path-is-inside/index.d.ts'
[22:41:31.933] Adding entry into typings cache: 'path-parse' => '/home/stivarch/.cache/typescript/4.4/node_modules/@types/path-parse/index.d.ts'
[22:41:31.933] Adding entry into typings cache: 'pbkdf2' => '/home/stivarch/.cache/typescript/4.4/node_modules/@types/pbkdf2/index.d.ts'
[22:41:31.934] Adding entry into typings cache: 'picomatch' => '/home/stivarch/.cache/typescript/4.4/node_modules/@types/picomatch/index.d.ts'
[22:41:31.935] Adding entry into typings cache: 'pify' => '/home/stivarch/.cache/typescript/4.4/node_modules/@types/pify/index.d.ts'
[22:41:31.935] Adding entry into typings cache: 'postcss-calc' => '/home/stivarch/.cache/typescript/4.4/node_modules/@types/postcss-calc/index.d.ts'
[22:41:31.935] Adding entry into typings cache: 'postcss-flexbugs-fixes' => '/home/stivarch/.cache/typescript/4.4/node_modules/@types/postcss-flexbugs-fixes/index.d.ts'
[22:41:31.936] Adding entry into typings cache: 'postcss-gap-properties' => '/home/stivarch/.cache/typescript/4.4/node_modules/@types/postcss-gap-properties/index.d.ts'
[22:41:31.936] Adding entry into typings cache: 'postcss-modules-extract-imports' => '/home/stivarch/.cache/typescript/4.4/node_modules/@types/postcss-modules-extract-imports/index.d.ts'
[22:41:31.937] Adding entry into typings cache: 'postcss-modules-local-by-default' => '/home/stivarch/.cache/typescript/4.4/node_modules/@types/postcss-modules-local-by-default/index.d.ts'
[22:41:31.937] Adding entry into typings cache: 'postcss-modules-scope' => '/home/stivarch/.cache/typescript/4.4/node_modules/@types/postcss-modules-scope/index.d.ts'
[22:41:31.937] Adding entry into typings cache: 'postcss-modules-values' => '/home/stivarch/.cache/typescript/4.4/node_modules/@types/postcss-modules-values/index.d.ts'
[22:41:31.938] Adding entry into typings cache: 'postcss-normalize' => '/home/stivarch/.cache/typescript/4.4/node_modules/@types/postcss-normalize/index.d.ts'
[22:41:31.938] Adding entry into typings cache: 'postcss-preset-env' => '/home/stivarch/.cache/typescript/4.4/node_modules/@types/postcss-preset-env/index.d.ts'
[22:41:31.939] Adding entry into typings cache: 'postcss-safe-parser' => '/home/stivarch/.cache/typescript/4.4/node_modules/@types/postcss-safe-parser/index.d.ts'
[22:41:31.939] Adding entry into typings cache: 'prelude-ls' => '/home/stivarch/.cache/typescript/4.4/node_modules/@types/prelude-ls/index.d.ts'
[22:41:31.939] Adding entry into typings cache: 'prettier' => '/home/stivarch/.cache/typescript/4.4/node_modules/@types/prettier/index.d.ts'
[22:41:31.940] Adding entry into typings cache: 'pretty-hrtime' => '/home/stivarch/.cache/typescript/4.4/node_modules/@types/pretty-hrtime/index.d.ts'
[22:41:31.940] Adding entry into typings cache: 'progress' => '/home/stivarch/.cache/typescript/4.4/node_modules/@types/progress/index.d.ts'
[22:41:31.941] Adding entry into typings cache: 'promise-inflight' => '/home/stivarch/.cache/typescript/4.4/node_modules/@types/promise-inflight/index.d.ts'
[22:41:31.941] Adding entry into typings cache: 'prompts' => '/home/stivarch/.cache/typescript/4.4/node_modules/@types/prompts/index.d.ts'
[22:41:31.941] Adding entry into typings cache: 'prop-types' => '/home/stivarch/.cache/typescript/4.4/node_modules/@types/prop-types/index.d.ts'
[22:41:31.942] Adding entry into typings cache: 'proxy-addr' => '/home/stivarch/.cache/typescript/4.4/node_modules/@types/proxy-addr/index.d.ts'
[22:41:31.942] Adding entry into typings cache: 'psl' => '/home/stivarch/.cache/typescript/4.4/node_modules/@types/psl/index.d.ts'
[22:41:31.943] Adding entry into typings cache: 'pump' => '/home/stivarch/.cache/typescript/4.4/node_modules/@types/pump/index.d.ts'
[22:41:31.943] Adding entry into typings cache: 'pumpify' => '/home/stivarch/.cache/typescript/4.4/node_modules/@types/pumpify/index.d.ts'
[22:41:31.944] Adding entry into typings cache: 'punycode' => '/home/stivarch/.cache/typescript/4.4/node_modules/@types/punycode/index.d.ts'
[22:41:31.944] Adding entry into typings cache: 'q' => '/home/stivarch/.cache/typescript/4.4/node_modules/@types/q/index.d.ts'
[22:41:31.945] Adding entry into typings cache: 'qs' => '/home/stivarch/.cache/typescript/4.4/node_modules/@types/qs/index.d.ts'
[22:41:31.945] Adding entry into typings cache: 'querystringify' => '/home/stivarch/.cache/typescript/4.4/node_modules/@types/querystringify/index.d.ts'
[22:41:31.946] Adding entry into typings cache: 'raf' => '/home/stivarch/.cache/typescript/4.4/node_modules/@types/raf/index.d.ts'
[22:41:31.946] Adding entry into typings cache: 'randombytes' => '/home/stivarch/.cache/typescript/4.4/node_modules/@types/randombytes/index.d.ts'
[22:41:31.947] Adding entry into typings cache: 'range-parser' => '/home/stivarch/.cache/typescript/4.4/node_modules/@types/range-parser/index.d.ts'
[22:41:31.947] Adding entry into typings cache: 'rc' => '/home/stivarch/.cache/typescript/4.4/node_modules/@types/rc/index.d.ts'
[22:41:31.948] Adding entry into typings cache: 'react' => '/home/stivarch/.cache/typescript/4.4/node_modules/@types/react/index.d.ts'
[22:41:31.948] Adding entry into typings cache: 'react-dev-utils' => '/home/stivarch/.cache/typescript/4.4/node_modules/@types/react-dev-utils/index.d.ts'
[22:41:31.949] Adding entry into typings cache: 'react-dom' => '/home/stivarch/.cache/typescript/4.4/node_modules/@types/react-dom/index.d.ts'
[22:41:31.950] Adding entry into typings cache: 'react-is' => '/home/stivarch/.cache/typescript/4.4/node_modules/@types/react-is/index.d.ts'
[22:41:31.950] Adding entry into typings cache: 'react-router-dom' => '/home/stivarch/.cache/typescript/4.4/node_modules/@types/react-router-dom/index.d.ts'
[22:41:31.951] Adding entry into typings cache: 'readable-stream' => '/home/stivarch/.cache/typescript/4.4/node_modules/@types/readable-stream/index.d.ts'
[22:41:31.951] Adding entry into typings cache: 'recursive-readdir' => '/home/stivarch/.cache/typescript/4.4/node_modules/@types/recursive-readdir/index.d.ts'
[22:41:31.952] Adding entry into typings cache: 'regenerate' => '/home/stivarch/.cache/typescript/4.4/node_modules/@types/regenerate/index.d.ts'
[22:41:31.952] Adding entry into typings cache: 'regenerator-runtime' => '/home/stivarch/.cache/typescript/4.4/node_modules/@types/regenerator-runtime/index.d.ts'
[22:41:31.953] Adding entry into typings cache: 'regex-not' => '/home/stivarch/.cache/typescript/4.4/node_modules/@types/regex-not/index.d.ts'
[22:41:31.954] Adding entry into typings cache: 'registry-auth-token' => '/home/stivarch/.cache/typescript/4.4/node_modules/@types/registry-auth-token/index.d.ts'
[22:41:31.954] Adding entry into typings cache: 'relateurl' => '/home/stivarch/.cache/typescript/4.4/node_modules/@types/relateurl/index.d.ts'
[22:41:31.955] Adding entry into typings cache: 'repeat-element' => '/home/stivarch/.cache/typescript/4.4/node_modules/@types/repeat-element/index.d.ts'
[22:41:31.956] Adding entry into typings cache: 'repeat-string' => '/home/stivarch/.cache/typescript/4.4/node_modules/@types/repeat-string/index.d.ts'
[22:41:31.956] Adding entry into typings cache: 'repeating' => '/home/stivarch/.cache/typescript/4.4/node_modules/@types/repeating/index.d.ts'
[22:41:31.957] Adding entry into typings cache: 'require-directory' => '/home/stivarch/.cache/typescript/4.4/node_modules/@types/require-directory/index.d.ts'
[22:41:31.958] Adding entry into typings cache: 'require-from-string' => '/home/stivarch/.cache/typescript/4.4/node_modules/@types/require-from-string/index.d.ts'
[22:41:31.959] Adding entry into typings cache: 'requires-port' => '/home/stivarch/.cache/typescript/4.4/node_modules/@types/requires-port/index.d.ts'
[22:41:31.959] Adding entry into typings cache: 'resolve' => '/home/stivarch/.cache/typescript/4.4/node_modules/@types/resolve/index.d.ts'
[22:41:31.960] Adding entry into typings cache: 'responselike' => '/home/stivarch/.cache/typescript/4.4/node_modules/@types/responselike/index.d.ts'
[22:41:31.960] Adding entry into typings cache: 'rethinkdb' => '/home/stivarch/.cache/typescript/4.4/node_modules/@types/rethinkdb/index.d.ts'
[22:41:31.960] Adding entry into typings cache: 'retry' => '/home/stivarch/.cache/typescript/4.4/node_modules/@types/retry/index.d.ts'
[22:41:31.961] Adding entry into typings cache: 'rimraf' => '/home/stivarch/.cache/typescript/4.4/node_modules/@types/rimraf/index.d.ts'
[22:41:31.961] Adding entry into typings cache: 'ripemd160' => '/home/stivarch/.cache/typescript/4.4/node_modules/@types/ripemd160/index.d.ts'
[22:41:31.962] Adding entry into typings cache: 'rsvp' => '/home/stivarch/.cache/typescript/4.4/node_modules/@types/rsvp/index.d.ts'
[22:41:31.962] Adding entry into typings cache: 'run-parallel' => '/home/stivarch/.cache/typescript/4.4/node_modules/@types/run-parallel/index.d.ts'
[22:41:31.963] Adding entry into typings cache: 'safe-regex' => '/home/stivarch/.cache/typescript/4.4/node_modules/@types/safe-regex/index.d.ts'
[22:41:31.963] Adding entry into typings cache: 'safer-buffer' => '/home/stivarch/.cache/typescript/4.4/node_modules/@types/safer-buffer/index.d.ts'
[22:41:31.964] Adding entry into typings cache: 'sane' => '/home/stivarch/.cache/typescript/4.4/node_modules/@types/sane/index.d.ts'
[22:41:31.964] Adding entry into typings cache: 'saslprep' => '/home/stivarch/.cache/typescript/4.4/node_modules/@types/saslprep/index.d.ts'
[22:41:31.965] Adding entry into typings cache: 'sass-loader' => '/home/stivarch/.cache/typescript/4.4/node_modules/@types/sass-loader/index.d.ts'
[22:41:31.965] Adding entry into typings cache: 'sax' => '/home/stivarch/.cache/typescript/4.4/node_modules/@types/sax/index.d.ts'
[22:41:31.965] Adding entry into typings cache: 'scheduler' => '/home/stivarch/.cache/typescript/4.4/node_modules/@types/scheduler/index.d.ts'
[22:41:31.966] Adding entry into typings cache: 'semver' => '/home/stivarch/.cache/typescript/4.4/node_modules/@types/semver/index.d.ts'
[22:41:31.966] Adding entry into typings cache: 'send' => '/home/stivarch/.cache/typescript/4.4/node_modules/@types/send/index.d.ts'
[22:41:31.968] Adding entry into typings cache: 'serialize-javascript' => '/home/stivarch/.cache/typescript/4.4/node_modules/@types/serialize-javascript/index.d.ts'
[22:41:31.968] Adding entry into typings cache: 'serve-index' => '/home/stivarch/.cache/typescript/4.4/node_modules/@types/serve-index/index.d.ts'
[22:41:31.969] Adding entry into typings cache: 'serve-static' => '/home/stivarch/.cache/typescript/4.4/node_modules/@types/serve-static/index.d.ts'
[22:41:31.970] Adding entry into typings cache: 'set-value' => '/home/stivarch/.cache/typescript/4.4/node_modules/@types/set-value/index.d.ts'
[22:41:31.972] Adding entry into typings cache: 'setimmediate' => '/home/stivarch/.cache/typescript/4.4/node_modules/@types/setimmediate/index.d.ts'
[22:41:31.972] Adding entry into typings cache: 'sha.js' => '/home/stivarch/.cache/typescript/4.4/node_modules/@types/sha.js/index.d.ts'
[22:41:31.973] Adding entry into typings cache: 'shebang-command' => '/home/stivarch/.cache/typescript/4.4/node_modules/@types/shebang-command/index.d.ts'
[22:41:31.973] Adding entry into typings cache: 'shell-quote' => '/home/stivarch/.cache/typescript/4.4/node_modules/@types/shell-quote/index.d.ts'
[22:41:31.974] Adding entry into typings cache: 'signal-exit' => '/home/stivarch/.cache/typescript/4.4/node_modules/@types/signal-exit/index.d.ts'
[22:41:31.974] Adding entry into typings cache: 'slice-ansi' => '/home/stivarch/.cache/typescript/4.4/node_modules/@types/slice-ansi/index.d.ts'
[22:41:31.975] Adding entry into typings cache: 'sockjs' => '/home/stivarch/.cache/typescript/4.4/node_modules/@types/sockjs/index.d.ts'
[22:41:31.975] Adding entry into typings cache: 'sockjs-client' => '/home/stivarch/.cache/typescript/4.4/node_modules/@types/sockjs-client/index.d.ts'
[22:41:31.975] Adding entry into typings cache: 'source-list-map' => '/home/stivarch/.cache/typescript/4.4/node_modules/@types/source-list-map/index.d.ts'
[22:41:31.976] Adding entry into typings cache: 'source-map-support' => '/home/stivarch/.cache/typescript/4.4/node_modules/@types/source-map-support/index.d.ts'
[22:41:31.977] Adding entry into typings cache: 'sparse-bitfield' => '/home/stivarch/.cache/typescript/4.4/node_modules/@types/sparse-bitfield/index.d.ts'
[22:41:31.977] Adding entry into typings cache: 'spdx-correct' => '/home/stivarch/.cache/typescript/4.4/node_modules/@types/spdx-correct/index.d.ts'
[22:41:31.977] Adding entry into typings cache: 'spdx-expression-parse' => '/home/stivarch/.cache/typescript/4.4/node_modules/@types/spdx-expression-parse/index.d.ts'
[22:41:31.978] Adding entry into typings cache: 'spdy' => '/home/stivarch/.cache/typescript/4.4/node_modules/@types/spdy/index.d.ts'
[22:41:31.978] Adding entry into typings cache: 'sprintf' => '/home/stivarch/.cache/typescript/4.4/node_modules/@types/sprintf/index.d.ts'
[22:41:31.978] Adding entry into typings cache: 'sprintf-js' => '/home/stivarch/.cache/typescript/4.4/node_modules/@types/sprintf-js/index.d.ts'
[22:41:31.979] Adding entry into typings cache: 'ssri' => '/home/stivarch/.cache/typescript/4.4/node_modules/@types/ssri/index.d.ts'
[22:41:31.979] Adding entry into typings cache: 'stack-utils' => '/home/stivarch/.cache/typescript/4.4/node_modules/@types/stack-utils/index.d.ts'
[22:41:31.980] Adding entry into typings cache: 'standard-engine' => '/home/stivarch/.cache/typescript/4.4/node_modules/@types/standard-engine/index.d.ts'
[22:41:31.980] Adding entry into typings cache: 'statuses' => '/home/stivarch/.cache/typescript/4.4/node_modules/@types/statuses/index.d.ts'
[22:41:31.980] Adding entry into typings cache: 'stream-each' => '/home/stivarch/.cache/typescript/4.4/node_modules/@types/stream-each/index.d.ts'
[22:41:31.981] Adding entry into typings cache: 'stream-shift' => '/home/stivarch/.cache/typescript/4.4/node_modules/@types/stream-shift/index.d.ts'
[22:41:31.981] Adding entry into typings cache: 'strict-uri-encode' => '/home/stivarch/.cache/typescript/4.4/node_modules/@types/strict-uri-encode/index.d.ts'
[22:41:31.981] Adding entry into typings cache: 'string-natural-compare' => '/home/stivarch/.cache/typescript/4.4/node_modules/@types/string-natural-compare/index.d.ts'
[22:41:31.982] Adding entry into typings cache: 'string.prototype.matchall' => '/home/stivarch/.cache/typescript/4.4/node_modules/@types/string.prototype.matchall/index.d.ts'
[22:41:31.982] Adding entry into typings cache: 'stringify-object' => '/home/stivarch/.cache/typescript/4.4/node_modules/@types/stringify-object/index.d.ts'
[22:41:31.983] Adding entry into typings cache: 'strip-comments' => '/home/stivarch/.cache/typescript/4.4/node_modules/@types/strip-comments/index.d.ts'
[22:41:31.983] Adding entry into typings cache: 'strip-final-newline' => '/home/stivarch/.cache/typescript/4.4/node_modules/@types/strip-final-newline/index.d.ts'
[22:41:31.983] Adding entry into typings cache: 'superagent' => '/home/stivarch/.cache/typescript/4.4/node_modules/@types/superagent/index.d.ts'
[22:41:31.984] Adding entry into typings cache: 'supertest' => '/home/stivarch/.cache/typescript/4.4/node_modules/@types/supertest/index.d.ts'
[22:41:31.985] Adding entry into typings cache: 'supports-color' => '/home/stivarch/.cache/typescript/4.4/node_modules/@types/supports-color/index.d.ts'
[22:41:31.985] Adding entry into typings cache: 'svg-parser' => '/home/stivarch/.cache/typescript/4.4/node_modules/@types/svg-parser/index.d.ts'
[22:41:31.985] Adding entry into typings cache: 'svgo' => '/home/stivarch/.cache/typescript/4.4/node_modules/@types/svgo/index.d.ts'
[22:41:31.986] Adding entry into typings cache: 'symbol-tree' => '/home/stivarch/.cache/typescript/4.4/node_modules/@types/symbol-tree/index.d.ts'
[22:41:31.986] Adding entry into typings cache: 'tailwindcss' => '/home/stivarch/.cache/typescript/4.4/node_modules/@types/tailwindcss/index.d.ts'
[22:41:31.987] Adding entry into typings cache: 'tapable' => '/home/stivarch/.cache/typescript/4.4/node_modules/tapable/tapable.d.ts'
[22:41:31.987] Adding entry into typings cache: 'tar' => '/home/stivarch/.cache/typescript/4.4/node_modules/@types/tar/index.d.ts'
[22:41:31.988] Adding entry into typings cache: 'testing-library__jest-dom' => '/home/stivarch/.cache/typescript/4.4/node_modules/@types/testing-library__jest-dom/index.d.ts'
[22:41:31.988] Adding entry into typings cache: 'text-table' => '/home/stivarch/.cache/typescript/4.4/node_modules/@types/text-table/index.d.ts'
[22:41:31.989] Adding entry into typings cache: 'through2' => '/home/stivarch/.cache/typescript/4.4/node_modules/@types/through2/index.d.ts'
[22:41:31.989] Adding entry into typings cache: 'thunky' => '/home/stivarch/.cache/typescript/4.4/node_modules/@types/thunky/index.d.ts'
[22:41:31.990] Adding entry into typings cache: 'timsort' => '/home/stivarch/.cache/typescript/4.4/node_modules/@types/timsort/index.d.ts'
[22:41:31.990] Adding entry into typings cache: 'tmp' => '/home/stivarch/.cache/typescript/4.4/node_modules/@types/tmp/index.d.ts'
[22:41:31.990] Adding entry into typings cache: 'tmpl' => '/home/stivarch/.cache/typescript/4.4/node_modules/@types/tmpl/index.d.ts'
[22:41:31.992] Adding entry into typings cache: 'to-regex' => '/home/stivarch/.cache/typescript/4.4/node_modules/@types/to-regex/index.d.ts'
[22:41:31.993] Adding entry into typings cache: 'to-regex-range' => '/home/stivarch/.cache/typescript/4.4/node_modules/@types/to-regex-range/index.d.ts'
[22:41:31.993] Adding entry into typings cache: 'touch' => '/home/stivarch/.cache/typescript/4.4/node_modules/@types/touch/index.d.ts'
[22:41:31.994] Adding entry into typings cache: 'tough-cookie' => '/home/stivarch/.cache/typescript/4.4/node_modules/@types/tough-cookie/index.d.ts'
[22:41:31.994] Adding entry into typings cache: 'tryer' => '/home/stivarch/.cache/typescript/4.4/node_modules/@types/tryer/index.d.ts'
[22:41:31.994] Adding entry into typings cache: 'type-check' => '/home/stivarch/.cache/typescript/4.4/node_modules/@types/type-check/index.d.ts'
[22:41:31.995] Adding entry into typings cache: 'type-detect' => '/home/stivarch/.cache/typescript/4.4/node_modules/@types/type-detect/index.d.ts'
[22:41:31.995] Adding entry into typings cache: 'type-is' => '/home/stivarch/.cache/typescript/4.4/node_modules/@types/type-is/index.d.ts'
[22:41:31.995] Adding entry into typings cache: 'uniq' => '/home/stivarch/.cache/typescript/4.4/node_modules/@types/uniq/index.d.ts'
[22:41:31.996] Adding entry into typings cache: 'universalify' => '/home/stivarch/.cache/typescript/4.4/node_modules/@types/universalify/index.d.ts'
[22:41:31.996] Adding entry into typings cache: 'update-notifier' => '/home/stivarch/.cache/typescript/4.4/node_modules/@types/update-notifier/index.d.ts'
[22:41:31.997] Adding entry into typings cache: 'urix' => '/home/stivarch/.cache/typescript/4.4/node_modules/@types/urix/index.d.ts'
[22:41:31.997] Adding entry into typings cache: 'url-parse' => '/home/stivarch/.cache/typescript/4.4/node_modules/@types/url-parse/index.d.ts'
[22:41:31.998] Adding entry into typings cache: 'url-parse-lax' => '/home/stivarch/.cache/typescript/4.4/node_modules/@types/url-parse-lax/index.d.ts'
[22:41:31.998] Adding entry into typings cache: 'util-deprecate' => '/home/stivarch/.cache/typescript/4.4/node_modules/@types/util-deprecate/index.d.ts'
[22:41:31.999] Adding entry into typings cache: 'util.promisify' => '/home/stivarch/.cache/typescript/4.4/node_modules/@types/util.promisify/index.d.ts'
[22:41:31.999] Adding entry into typings cache: 'utils-merge' => '/home/stivarch/.cache/typescript/4.4/node_modules/@types/utils-merge/index.d.ts'
[22:41:32.000] Adding entry into typings cache: 'uuid' => '/home/stivarch/.cache/typescript/4.4/node_modules/@types/uuid/index.d.ts'
[22:41:32.000] Adding entry into typings cache: 'validate-npm-package-license' => '/home/stivarch/.cache/typescript/4.4/node_modules/@types/validate-npm-package-license/index.d.ts'
[22:41:32.001] Adding entry into typings cache: 'validator' => '/home/stivarch/.cache/typescript/4.4/node_modules/@types/validator/index.d.ts'
[22:41:32.001] Adding entry into typings cache: 'vary' => '/home/stivarch/.cache/typescript/4.4/node_modules/@types/vary/index.d.ts'
[22:41:32.002] Adding entry into typings cache: 'w3c-hr-time' => '/home/stivarch/.cache/typescript/4.4/node_modules/@types/w3c-hr-time/index.d.ts'
[22:41:32.002] Adding entry into typings cache: 'w3c-xmlserializer' => '/home/stivarch/.cache/typescript/4.4/node_modules/@types/w3c-xmlserializer/index.d.ts'
[22:41:32.003] Adding entry into typings cache: 'watchpack' => '/home/stivarch/.cache/typescript/4.4/node_modules/@types/watchpack/index.d.ts'
[22:41:32.003] Adding entry into typings cache: 'webidl-conversions' => '/home/stivarch/.cache/typescript/4.4/node_modules/@types/webidl-conversions/index.d.ts'
[22:41:32.005] Adding entry into typings cache: 'webpack' => '/home/stivarch/.cache/typescript/4.4/node_modules/webpack/types.d.ts'
[22:41:32.005] Adding entry into typings cache: 'webpack-dev-middleware' => '/home/stivarch/.cache/typescript/4.4/node_modules/@types/webpack-dev-middleware/index.d.ts'
[22:41:32.006] Adding entry into typings cache: 'webpack-dev-server' => '/home/stivarch/.cache/typescript/4.4/node_modules/@types/webpack-dev-server/index.d.ts'
[22:41:32.006] Adding entry into typings cache: 'webpack-manifest-plugin' => '/home/stivarch/.cache/typescript/4.4/node_modules/@types/webpack-manifest-plugin/index.d.ts'
[22:41:32.007] Adding entry into typings cache: 'webpack-sources' => '/home/stivarch/.cache/typescript/4.4/node_modules/@types/webpack-sources/index.d.ts'
[22:41:32.008] Adding entry into typings cache: 'whatwg-encoding' => '/home/stivarch/.cache/typescript/4.4/node_modules/@types/whatwg-encoding/index.d.ts'
[22:41:32.009] Adding entry into typings cache: 'whatwg-mimetype' => '/home/stivarch/.cache/typescript/4.4/node_modules/@types/whatwg-mimetype/index.d.ts'
[22:41:32.009] Adding entry into typings cache: 'whatwg-url' => '/home/stivarch/.cache/typescript/4.4/node_modules/@types/whatwg-url/index.d.ts'
[22:41:32.010] Adding entry into typings cache: 'which' => '/home/stivarch/.cache/typescript/4.4/node_modules/@types/which/index.d.ts'
[22:41:32.010] Adding entry into typings cache: 'workbox-build' => '/home/stivarch/.cache/typescript/4.4/node_modules/@types/workbox-build/index.d.ts'
[22:41:32.011] Adding entry into typings cache: 'workbox-sw' => '/home/stivarch/.cache/typescript/4.4/node_modules/@types/workbox-sw/index.d.ts'
[22:41:32.011] Adding entry into typings cache: 'workbox-webpack-plugin' => '/home/stivarch/.cache/typescript/4.4/node_modules/@types/workbox-webpack-plugin/index.d.ts'
[22:41:32.012] Adding entry into typings cache: 'wrap-ansi' => '/home/stivarch/.cache/typescript/4.4/node_modules/@types/wrap-ansi/index.d.ts'
[22:41:32.013] Adding entry into typings cache: 'write-file-atomic' => '/home/stivarch/.cache/typescript/4.4/node_modules/@types/write-file-atomic/index.d.ts'
[22:41:32.013] Adding entry into typings cache: 'ws' => '/home/stivarch/.cache/typescript/4.4/node_modules/@types/ws/index.d.ts'
[22:41:32.014] Adding entry into typings cache: 'xtend' => '/home/stivarch/.cache/typescript/4.4/node_modules/@types/xtend/index.d.ts'
[22:41:32.014] Adding entry into typings cache: 'yallist' => '/home/stivarch/.cache/typescript/4.4/node_modules/@types/yallist/index.d.ts'
[22:41:32.015] Adding entry into typings cache: 'yargs' => '/home/stivarch/.cache/typescript/4.4/node_modules/@types/yargs/index.d.ts'
[22:41:32.016] Adding entry into typings cache: 'yargs-parser' => '/home/stivarch/.cache/typescript/4.4/node_modules/@types/yargs-parser/index.d.ts'
[22:41:32.016] Finished processing cache location '/home/stivarch/.cache/typescript/4.4'
[22:41:32.016] Process id: 1463083
[22:41:32.016] NPM location: /home/stivarch/.nvm/versions/node/v16.3.0/bin/npm (explicit '--npmLocation' not  provided)
[22:41:32.016] validateDefaultNpmLocation: false
[22:41:32.016] Npm config file: /home/stivarch/.cache/typescript/4.4/package.json
[22:41:32.016] Updating types-registry npm package...
[22:41:32.017] Exec: /home/stivarch/.nvm/versions/node/v16.3.0/bin/npm install --ignore-scripts types-registry@latest
[22:41:39.447]     Succeeded. stdout:
    
    up to date, audited 856 packages in 7s

20 packages are looking for funding
  run `npm fund` for details

5 vulnerabilities (1 moderate, 4 high)

To address issues that do not require attention, run:
  npm audit fix

To address all issues (including breaking changes), run:
  npm audit fix --force

Run `npm audit` for details.

[22:41:39.447] Updated types-registry npm package
